Using pre-set license
Built from '2022.3/staging' branch; Version is '2022.3.43f1 (85497d293fa1) revision 8735101'; Using compiler version '192829333'; Build Type 'Release'
OS: 'Windows 10  (10.0.19045) 64bit CoreCountrySpecific' Language: 'zh' Physical Memory: 16147 MB
BatchMode: 1, IsHumanControllingUs: 0, StartBugReporterOnCrash: 0, Is64bit: 1, IsPro: 1

COMMAND LINE ARGUMENTS:
C:\Program Files\Unity\Hub\Editor\2022.3.43f1\Editor\Unity.exe
-adb2
-batchMode
-noUpm
-name
AssetImportWorker0
-projectPath
G:/UnityWorkSpace/Perversion2AlphaDev
-logFile
Logs/AssetImportWorker0.log
-srvPort
51449
Successfully changed project path to: G:/UnityWorkSpace/Perversion2AlphaDev
G:/UnityWorkSpace/Perversion2AlphaDev
[UnityMemory] Configuration Parameters - Can be set up in boot.config
    "memorysetup-bucket-allocator-granularity=16"
    "memorysetup-bucket-allocator-bucket-count=8"
    "memorysetup-bucket-allocator-block-size=33554432"
    "memorysetup-bucket-allocator-block-count=8"
    "memorysetup-main-allocator-block-size=16777216"
    "memorysetup-thread-allocator-block-size=16777216"
    "memorysetup-gfx-main-allocator-block-size=16777216"
    "memorysetup-gfx-thread-allocator-block-size=16777216"
    "memorysetup-cache-allocator-block-size=4194304"
    "memorysetup-typetree-allocator-block-size=2097152"
    "memorysetup-profiler-bucket-allocator-granularity=16"
    "memorysetup-profiler-bucket-allocator-bucket-count=8"
    "memorysetup-profiler-bucket-allocator-block-size=33554432"
    "memorysetup-profiler-bucket-allocator-block-count=8"
    "memorysetup-profiler-allocator-block-size=16777216"
    "memorysetup-profiler-editor-allocator-block-size=1048576"
    "memorysetup-temp-allocator-size-main=16777216"
    "memorysetup-job-temp-allocator-block-size=2097152"
    "memorysetup-job-temp-allocator-block-size-background=1048576"
    "memorysetup-job-temp-allocator-reduction-small-platforms=262144"
    "memorysetup-allocator-temp-initial-block-size-main=262144"
    "memorysetup-allocator-temp-initial-block-size-worker=262144"
    "memorysetup-temp-allocator-size-background-worker=32768"
    "memorysetup-temp-allocator-size-job-worker=262144"
    "memorysetup-temp-allocator-size-preload-manager=33554432"
    "memorysetup-temp-allocator-size-nav-mesh-worker=65536"
    "memorysetup-temp-allocator-size-audio-worker=65536"
    "memorysetup-temp-allocator-size-cloud-worker=32768"
    "memorysetup-temp-allocator-size-gi-baking-worker=262144"
    "memorysetup-temp-allocator-size-gfx=262144"
Player connection [2764]  Target information:

Player connection [2764]  * "[IP] 26.26.26.1 [Port] 0 [Flags] 2 [Guid] 4233813900 [EditorId] 4233813900 [Version] 1048832 [Id] WindowsEditor(7,LAPTOP-GPRA219D) [Debug] 1 [PackageName] WindowsEditor [ProjectName] Editor" 

Player connection [2764]  * "[IP] 192.168.0.104 [Port] 0 [Flags] 2 [Guid] 4233813900 [EditorId] 4233813900 [Version] 1048832 [Id] WindowsEditor(7,LAPTOP-GPRA219D) [Debug] 1 [PackageName] WindowsEditor [ProjectName] Editor" 

Player connection [2764] Host joined multi-casting on [225.0.0.222:54997]...
Player connection [2764] Host joined alternative multi-casting on [225.0.0.222:34997]...
[PhysX] Initialized MultithreadedTaskDispatcher with 12 workers.
Refreshing native plugins compatible for Editor in 5.14 ms, found 3 plugins.
Preloading 0 native plugins for Editor in 0.00 ms.
Initialize engine version: 2022.3.43f1 (85497d293fa1)
[Subsystems] Discovering subsystems at path C:/Program Files/Unity/Hub/Editor/2022.3.43f1/Editor/Data/Resources/UnitySubsystems
[Subsystems] Discovering subsystems at path G:/UnityWorkSpace/Perversion2AlphaDev/Assets
GfxDevice: creating device client; threaded=0; jobified=0
Direct3D:
    Version:  Direct3D 11.0 [level 11.1]
    Renderer: NVIDIA GeForce RTX 3050 Ti Laptop GPU (ID=0x25a0)
    Vendor:   NVIDIA
    VRAM:     3976 MB
    Driver:   31.0.15.3141
Initialize mono
Mono path[0] = 'C:/Program Files/Unity/Hub/Editor/2022.3.43f1/Editor/Data/Managed'
Mono path[1] = 'C:/Program Files/Unity/Hub/Editor/2022.3.43f1/Editor/Data/MonoBleedingEdge/lib/mono/unityjit-win32'
Mono config path = 'C:/Program Files/Unity/Hub/Editor/2022.3.43f1/Editor/Data/MonoBleedingEdge/etc'
Using monoOptions --debugger-agent=transport=dt_socket,embedding=1,server=y,suspend=n,address=127.0.0.1:56176
Begin MonoManager ReloadAssembly
Registering precompiled unity dll's ...
Register platform support module: C:/Program Files/Unity/Hub/Editor/2022.3.43f1/Editor/Data/PlaybackEngines/WebGLSupport/UnityEditor.WebGL.Extensions.dll
Register platform support module: C:/Program Files/Unity/Hub/Editor/2022.3.43f1/Editor/Data/PlaybackEngines/WindowsStandaloneSupport/UnityEditor.WindowsStandalone.Extensions.dll
Registered in 0.010216 seconds.
- Loaded All Assemblies, in  0.352 seconds
Native extension for WindowsStandalone target not found
Native extension for WebGL target not found
Mono: successfully reloaded assembly
- Finished resetting the current domain, in  0.259 seconds
Domain Reload Profiling: 609ms
	BeginReloadAssembly (110ms)
		ExecutionOrderSort (0ms)
		DisableScriptedObjects (0ms)
		BackupInstance (0ms)
		ReleaseScriptingObjects (0ms)
		CreateAndSetChildDomain (1ms)
	RebuildCommonClasses (32ms)
	RebuildNativeTypeToScriptingClass (9ms)
	initialDomainReloadingComplete (60ms)
	LoadAllAssembliesAndSetupDomain (139ms)
		LoadAssemblies (107ms)
		RebuildTransferFunctionScriptingTraits (0ms)
		AnalyzeDomain (137ms)
			TypeCache.Refresh (136ms)
				TypeCache.ScanAssembly (121ms)
			ScanForSourceGeneratedMonoScriptInfo (0ms)
			ResolveRequiredComponents (0ms)
	FinalizeReload (259ms)
		ReleaseScriptCaches (0ms)
		RebuildScriptCaches (0ms)
		SetupLoadedEditorAssemblies (215ms)
			LogAssemblyErrors (0ms)
			InitializePlatformSupportModulesInManaged (12ms)
			SetLoadedEditorAssemblies (5ms)
			RefreshPlugins (0ms)
			BeforeProcessingInitializeOnLoad (2ms)
			ProcessInitializeOnLoadAttributes (147ms)
			ProcessInitializeOnLoadMethodAttributes (48ms)
			AfterProcessingInitializeOnLoad (0ms)
			EditorAssembliesLoaded (0ms)
		ExecutionOrderSort2 (0ms)
		AwakeInstancesAfterBackupRestoration (0ms)
========================================================================
Worker process is ready to serve import requests
Caller must complete domain reload
Begin MonoManager ReloadAssembly
- Loaded All Assemblies, in  0.667 seconds
Native extension for WindowsStandalone target not found
Native extension for WebGL target not found
Mono: successfully reloaded assembly
- Finished resetting the current domain, in  0.807 seconds
Domain Reload Profiling: 1470ms
	BeginReloadAssembly (155ms)
		ExecutionOrderSort (0ms)
		DisableScriptedObjects (5ms)
		BackupInstance (0ms)
		ReleaseScriptingObjects (0ms)
		CreateAndSetChildDomain (24ms)
	RebuildCommonClasses (38ms)
	RebuildNativeTypeToScriptingClass (10ms)
	initialDomainReloadingComplete (50ms)
	LoadAllAssembliesAndSetupDomain (408ms)
		LoadAssemblies (318ms)
		RebuildTransferFunctionScriptingTraits (0ms)
		AnalyzeDomain (182ms)
			TypeCache.Refresh (160ms)
				TypeCache.ScanAssembly (145ms)
			ScanForSourceGeneratedMonoScriptInfo (16ms)
			ResolveRequiredComponents (5ms)
	FinalizeReload (808ms)
		ReleaseScriptCaches (0ms)
		RebuildScriptCaches (0ms)
		SetupLoadedEditorAssemblies (668ms)
			LogAssemblyErrors (0ms)
			InitializePlatformSupportModulesInManaged (9ms)
			SetLoadedEditorAssemblies (3ms)
			RefreshPlugins (0ms)
			BeforeProcessingInitializeOnLoad (64ms)
			ProcessInitializeOnLoadAttributes (562ms)
			ProcessInitializeOnLoadMethodAttributes (22ms)
			AfterProcessingInitializeOnLoad (8ms)
			EditorAssembliesLoaded (0ms)
		ExecutionOrderSort2 (0ms)
		AwakeInstancesAfterBackupRestoration (6ms)
Launched and connected shader compiler UnityShaderCompiler.exe after 0.05 seconds
Refreshing native plugins compatible for Editor in 2.68 ms, found 3 plugins.
Preloading 0 native plugins for Editor in 0.00 ms.
Unloading 3474 Unused Serialized files (Serialized files now loaded: 0)
Unloading 20 unused Assets / (119.9 KB). Loaded Objects now: 3941.
Memory consumption went from 132.3 MB to 132.2 MB.
Total: 3.658700 ms (FindLiveObjects: 0.265900 ms CreateObjectMapping: 0.188800 ms MarkObjects: 3.073500 ms  DeleteObjects: 0.129300 ms)

AssetImportParameters requested are different than current active one (requested -> active):
  custom:container-demuxer-ogg: 62fdf1f143b41e24485cea50d1cbac27 -> 
  custom:video-decoder-ogg-theora: a1e56fd34408186e4bbccfd4996cb3dc -> 
  custom:framework-win-MediaFoundation: 216162199b28c13a410421893ffa2e32 -> 
  custom:CustomObjectIndexerAttribute: 9a22284fe3817be447336de3de66b15e -> 
  custom:container-demuxer-webm: 4f35f7cbe854078d1ac9338744f61a02 -> 
  custom:container-muxer-webm: aa71ff27fc2769a1b78a27578f13a17b -> 
  custom:video-decoder-webm-vp8: 9c59270c3fd7afecdb556c50c9e8de78 -> 
  custom:SearchIndexIgnoredProperties: e643bd26f0fe6173181afceb89e7c659 -> 
  custom:AudioImporter_EditorPlatform: d09bf68614088b80899f8185d706f6e7 -> 
  custom:video-encoder-webm-vp8: eb34c28f22e8b96e1ab97ce403110664 -> 
  custom:audio-decoder-ogg-vorbis: bf7c407c2cedff20999df2af8eb42d56 -> 
  custom:audio-encoder-webm-vorbis: bf7c407c2cedff20999df2af8eb42d56 -> 
========================================================================
Received Prepare
Caller must complete domain reload
Begin MonoManager ReloadAssembly
- Loaded All Assemblies, in  2.269 seconds
Native extension for WindowsStandalone target not found
Native extension for WebGL target not found
Mono: successfully reloaded assembly
- Finished resetting the current domain, in 11.444 seconds
Domain Reload Profiling: 13712ms
	BeginReloadAssembly (147ms)
		ExecutionOrderSort (0ms)
		DisableScriptedObjects (6ms)
		BackupInstance (0ms)
		ReleaseScriptingObjects (0ms)
		CreateAndSetChildDomain (35ms)
	RebuildCommonClasses (124ms)
	RebuildNativeTypeToScriptingClass (9ms)
	initialDomainReloadingComplete (29ms)
	LoadAllAssembliesAndSetupDomain (1958ms)
		LoadAssemblies (2012ms)
		RebuildTransferFunctionScriptingTraits (0ms)
		AnalyzeDomain (21ms)
			TypeCache.Refresh (8ms)
				TypeCache.ScanAssembly (1ms)
			ScanForSourceGeneratedMonoScriptInfo (7ms)
			ResolveRequiredComponents (4ms)
	FinalizeReload (11445ms)
		ReleaseScriptCaches (0ms)
		RebuildScriptCaches (0ms)
		SetupLoadedEditorAssemblies (550ms)
			LogAssemblyErrors (0ms)
			InitializePlatformSupportModulesInManaged (10ms)
			SetLoadedEditorAssemblies (3ms)
			RefreshPlugins (0ms)
			BeforeProcessingInitializeOnLoad (60ms)
			ProcessInitializeOnLoadAttributes (454ms)
			ProcessInitializeOnLoadMethodAttributes (16ms)
			AfterProcessingInitializeOnLoad (7ms)
			EditorAssembliesLoaded (0ms)
		ExecutionOrderSort2 (0ms)
		AwakeInstancesAfterBackupRestoration (5ms)
Refreshing native plugins compatible for Editor in 3.03 ms, found 3 plugins.
Preloading 0 native plugins for Editor in 0.00 ms.
Unloading 3478 Unused Serialized files (Serialized files now loaded: 0)
Unloading 16 unused Assets / (109.0 KB). Loaded Objects now: 3973.
Memory consumption went from 127.8 MB to 127.7 MB.
Total: 3.659900 ms (FindLiveObjects: 0.318200 ms CreateObjectMapping: 0.117700 ms MarkObjects: 3.088800 ms  DeleteObjects: 0.133600 ms)

Prepare: number of updated asset objects reloaded= 0
AssetImportParameters requested are different than current active one (requested -> active):
  custom:scripting/monoscript/fileName/PreferenceKeys.cs: 971ed4aae575beb1e198c26581764982 -> 7859eba8df811149af48f0f2276a4bdd
  custom:container-demuxer-ogg: 62fdf1f143b41e24485cea50d1cbac27 -> 
  custom:scripting/monoscript/fileName/EditorUtility.cs: 4382ba71a5fdd3efad937be52139f5f9 -> 9ecaad3632ea628dccaa5e09c1a92225
  custom:scripting/monoscript/fileName/Snapping.cs: 48daea66baa7ea9b137ae602cdb220e8 -> 
  custom:video-decoder-ogg-theora: a1e56fd34408186e4bbccfd4996cb3dc -> 
  custom:scripting/monoscript/fileName/MenuItems.cs: 36e8964894b4a740a9cbe85327eddbf8 -> ab30402455eb9666baefef31ea3a5374
  custom:framework-win-MediaFoundation: 216162199b28c13a410421893ffa2e32 -> 
  custom:scripting/monoscript/fileName/SemVer.cs: 3cf48f4591710125c2a8f6dc6ca94475 -> 7dc1c3d122fbe1b513f4ed067a79851c
  custom:scripting/monoscript/fileName/IgnoreSnap.cs: 1964a5b7645d754c4a47ea487f0f21fb -> 
  custom:CustomObjectIndexerAttribute: 9a22284fe3817be447336de3de66b15e -> 
  custom:container-demuxer-webm: 4f35f7cbe854078d1ac9338744f61a02 -> 
  custom:scripting/precompiled-assembly-types:Unity.ProGrids: 6fd8debd4dfc37491dc81fd6fd158508 -> 
  custom:scripting/monoscript/fileName/Changelog.cs: 796ad3f3a5d8532b75e1fde95ea4a6fe -> e4a5e52a389250dd1ed5a9c2a15fa8a1
  custom:scripting/monoscript/fileName/ProGridsSceneToolbar.cs: 042cefa26594937cc1191fe1dca1b9f4 -> 
  custom:container-muxer-webm: aa71ff27fc2769a1b78a27578f13a17b -> 
  custom:scripting/monoscript/fileName/Version.cs: 2140673570cb0dbe2b0365f572525f99 -> 2ea90d0bd9a7e2100b7bd9e5a7cff1d5
  custom:video-decoder-webm-vp8: 9c59270c3fd7afecdb556c50c9e8de78 -> 
  custom:scripting/monoscript/fileName/IconUtility.cs: 45ed954b9dd197048f268e19e52aa10b -> 9d6be24355b7ffceada5ead87e6d4841
  custom:SearchIndexIgnoredProperties: e643bd26f0fe6173181afceb89e7c659 -> 
  custom:AudioImporter_EditorPlatform: d09bf68614088b80899f8185d706f6e7 -> 
  custom:scripting/precompiled-assembly-types:Unity.ProGrids.Editor: d754f955588cd615f2a678d87b1178ff -> 
  custom:scripting/monoscript/fileName/ProGridsEditor.cs: e20dd349624cb401cc1bdaab7ddba714 -> 
  custom:scripting/monoscript/fileName/SnapSettings.cs: 2ccef413a73530b4596fce8a636f9bdd -> 
  custom:scripting/monoscript/fileName/Preferences.cs: cf725cfda81f82351c3aee08fa8d5584 -> 
  custom:video-encoder-webm-vp8: eb34c28f22e8b96e1ab97ce403110664 -> 
  custom:scripting/monoscript/fileName/PlayModeStateListener.cs: ba78ae5abba643d510dbfde3cfe9c012 -> 
  custom:audio-decoder-ogg-vorbis: bf7c407c2cedff20999df2af8eb42d56 -> 
  custom:scripting/monoscript/fileName/GridRenderer.cs: 420140cde01ace39065946a69b1a0139 -> 
  custom:scripting/monoscript/fileName/ScenePreferencesWindow.cs: eb083a31e7a9ac53a6ece7a768a25ae5 -> 
  custom:scripting/monoscript/fileName/ProGridsSettingsProvider.cs: a6470c9e8aa0ce9735e8b6e107a042a7 -> 
  custom:scripting/monoscript/fileName/ProGridsEnums.cs: 4064b4668b3010eb47443018e6b919ee -> 
  custom:audio-encoder-webm-vorbis: bf7c407c2cedff20999df2af8eb42d56 -> 
  custom:scripting/monoscript/fileName/ToggleContent.cs: 12cadca4260c0e988c117834558e2363 -> 
  custom:scripting/monoscript/fileName/IgnoreSnapAttribute.cs: f10d2b074b92cda845be6d066adb7446 -> 
  custom:scripting/monoscript/fileName/Defaults.cs: 14e48b98acb7239604e3e71080382ec5 -> 
========================================================================
Received Import Request.
  Time since last request: 10046.988202 seconds.
  path: Assets
  artifactKey: Guid(00000000000000001000000000000000) Importer(815301076,1909f56bfc062723c751e8b465ee728b)
Start importing Assets using Guid(00000000000000001000000000000000) Importer(815301076,1909f56bfc062723c751e8b465ee728b) [PhysX] Initialized MultithreadedTaskDispatcher with 12 workers.
 -> (artifact id: 'ae5280ad91af67e2a353905758f96678') in 0.004405 seconds
Number of updated asset objects reloaded before import = 0
Number of asset objects unloaded after import = 0
========================================================================
Received Import Request.
  Time since last request: 13.205963 seconds.
  path: Assets/Texture
  artifactKey: Guid(095f03ec7fa49204b9d6bf4259460eec) Importer(815301076,1909f56bfc062723c751e8b465ee728b)
Start importing Assets/Texture using Guid(095f03ec7fa49204b9d6bf4259460eec) Importer(815301076,1909f56bfc062723c751e8b465ee728b) [PhysX] Initialized MultithreadedTaskDispatcher with 12 workers.
 -> (artifact id: 'cdc16ff219a3dd1e73d4a212dd96a142') in 0.000506 seconds
Number of updated asset objects reloaded before import = 0
Number of asset objects unloaded after import = 0
========================================================================
Received Import Request.
  Time since last request: 8.715070 seconds.
  path: Assets/Textures
  artifactKey: Guid(095f03ec7fa49204b9d6bf4259460eec) Importer(815301076,1909f56bfc062723c751e8b465ee728b)
Start importing Assets/Textures using Guid(095f03ec7fa49204b9d6bf4259460eec) Importer(815301076,1909f56bfc062723c751e8b465ee728b) [PhysX] Initialized MultithreadedTaskDispatcher with 12 workers.
 -> (artifact id: '2952accb24529f060ed5b47f145c1d92') in 0.000423 seconds
Number of updated asset objects reloaded before import = 0
Number of asset objects unloaded after import = 0
========================================================================
Received Import Request.
  Time since last request: 9.377702 seconds.
  path: Assets/Textures/Player.mat
  artifactKey: Guid(4bc37762aa75b0345b013375b7243a52) Importer(815301076,1909f56bfc062723c751e8b465ee728b)
Start importing Assets/Textures/Player.mat using Guid(4bc37762aa75b0345b013375b7243a52) Importer(815301076,1909f56bfc062723c751e8b465ee728b) [PhysX] Initialized MultithreadedTaskDispatcher with 12 workers.
[PhysX] Initialized MultithreadedTaskDispatcher with 12 workers.
 -> (artifact id: '1d332d077803842a830cfe440e2fa65e') in 0.421088 seconds
Number of updated asset objects reloaded before import = 0
Number of asset objects unloaded after import = 1
========================================================================
Received Prepare
Caller must complete domain reload
Begin MonoManager ReloadAssembly
- Loaded All Assemblies, in  0.443 seconds
Native extension for WindowsStandalone target not found
Native extension for WebGL target not found
Mono: successfully reloaded assembly
- Finished resetting the current domain, in  1.034 seconds
Domain Reload Profiling: 1475ms
	BeginReloadAssembly (151ms)
		ExecutionOrderSort (0ms)
		DisableScriptedObjects (4ms)
		BackupInstance (0ms)
		ReleaseScriptingObjects (0ms)
		CreateAndSetChildDomain (39ms)
	RebuildCommonClasses (29ms)
	RebuildNativeTypeToScriptingClass (12ms)
	initialDomainReloadingComplete (28ms)
	LoadAllAssembliesAndSetupDomain (221ms)
		LoadAssemblies (286ms)
		RebuildTransferFunctionScriptingTraits (0ms)
		AnalyzeDomain (13ms)
			TypeCache.Refresh (6ms)
				TypeCache.ScanAssembly (0ms)
			ScanForSourceGeneratedMonoScriptInfo (0ms)
			ResolveRequiredComponents (5ms)
	FinalizeReload (1034ms)
		ReleaseScriptCaches (0ms)
		RebuildScriptCaches (0ms)
		SetupLoadedEditorAssemblies (635ms)
			LogAssemblyErrors (0ms)
			InitializePlatformSupportModulesInManaged (9ms)
			SetLoadedEditorAssemblies (3ms)
			RefreshPlugins (0ms)
			BeforeProcessingInitializeOnLoad (60ms)
			ProcessInitializeOnLoadAttributes (535ms)
			ProcessInitializeOnLoadMethodAttributes (21ms)
			AfterProcessingInitializeOnLoad (8ms)
			EditorAssembliesLoaded (0ms)
		ExecutionOrderSort2 (0ms)
		AwakeInstancesAfterBackupRestoration (7ms)
Refreshing native plugins compatible for Editor in 2.13 ms, found 3 plugins.
Preloading 0 native plugins for Editor in 0.00 ms.
Unloading 3477 Unused Serialized files (Serialized files now loaded: 0)
Unloading 16 unused Assets / (92.9 KB). Loaded Objects now: 4017.
Memory consumption went from 132.3 MB to 132.2 MB.
Total: 5.024700 ms (FindLiveObjects: 0.364800 ms CreateObjectMapping: 0.124600 ms MarkObjects: 4.409100 ms  DeleteObjects: 0.124900 ms)

Prepare: number of updated asset objects reloaded= 0
AssetImportParameters requested are different than current active one (requested -> active):
  custom:scripting/monoscript/fileName/PreferenceKeys.cs: 971ed4aae575beb1e198c26581764982 -> 7859eba8df811149af48f0f2276a4bdd
  custom:container-demuxer-ogg: 62fdf1f143b41e24485cea50d1cbac27 -> 
  custom:scripting/monoscript/fileName/EditorUtility.cs: 4382ba71a5fdd3efad937be52139f5f9 -> 9ecaad3632ea628dccaa5e09c1a92225
  custom:scripting/monoscript/fileName/Snapping.cs: 48daea66baa7ea9b137ae602cdb220e8 -> 
  custom:video-decoder-ogg-theora: a1e56fd34408186e4bbccfd4996cb3dc -> 
  custom:scripting/monoscript/fileName/MenuItems.cs: 36e8964894b4a740a9cbe85327eddbf8 -> ab30402455eb9666baefef31ea3a5374
  custom:framework-win-MediaFoundation: 216162199b28c13a410421893ffa2e32 -> 
  custom:scripting/monoscript/fileName/SemVer.cs: 3cf48f4591710125c2a8f6dc6ca94475 -> 7dc1c3d122fbe1b513f4ed067a79851c
  custom:scripting/monoscript/fileName/IgnoreSnap.cs: 1964a5b7645d754c4a47ea487f0f21fb -> 
  custom:CustomObjectIndexerAttribute: 9a22284fe3817be447336de3de66b15e -> 
  custom:container-demuxer-webm: 4f35f7cbe854078d1ac9338744f61a02 -> 
  custom:scripting/precompiled-assembly-types:Unity.ProGrids: 6fd8debd4dfc37491dc81fd6fd158508 -> 
  custom:scripting/monoscript/fileName/Changelog.cs: 796ad3f3a5d8532b75e1fde95ea4a6fe -> e4a5e52a389250dd1ed5a9c2a15fa8a1
  custom:scripting/monoscript/fileName/ProGridsSceneToolbar.cs: 042cefa26594937cc1191fe1dca1b9f4 -> 
  custom:container-muxer-webm: aa71ff27fc2769a1b78a27578f13a17b -> 
  custom:scripting/monoscript/fileName/Version.cs: 2140673570cb0dbe2b0365f572525f99 -> 2ea90d0bd9a7e2100b7bd9e5a7cff1d5
  custom:video-decoder-webm-vp8: 9c59270c3fd7afecdb556c50c9e8de78 -> 
  custom:scripting/monoscript/fileName/IconUtility.cs: 45ed954b9dd197048f268e19e52aa10b -> 9d6be24355b7ffceada5ead87e6d4841
  custom:SearchIndexIgnoredProperties: e643bd26f0fe6173181afceb89e7c659 -> 
  custom:AudioImporter_EditorPlatform: d09bf68614088b80899f8185d706f6e7 -> 
  custom:scripting/precompiled-assembly-types:Unity.ProGrids.Editor: d754f955588cd615f2a678d87b1178ff -> 
  custom:scripting/monoscript/fileName/ProGridsEditor.cs: e20dd349624cb401cc1bdaab7ddba714 -> 
  custom:scripting/monoscript/fileName/SnapSettings.cs: 2ccef413a73530b4596fce8a636f9bdd -> 
  custom:scripting/monoscript/fileName/Preferences.cs: cf725cfda81f82351c3aee08fa8d5584 -> 
  custom:video-encoder-webm-vp8: eb34c28f22e8b96e1ab97ce403110664 -> 
  custom:scripting/monoscript/fileName/PlayModeStateListener.cs: ba78ae5abba643d510dbfde3cfe9c012 -> 
  custom:audio-decoder-ogg-vorbis: bf7c407c2cedff20999df2af8eb42d56 -> 
  custom:scripting/monoscript/fileName/GridRenderer.cs: 420140cde01ace39065946a69b1a0139 -> 
  custom:scripting/monoscript/fileName/ScenePreferencesWindow.cs: eb083a31e7a9ac53a6ece7a768a25ae5 -> 
  custom:scripting/monoscript/fileName/ProGridsSettingsProvider.cs: a6470c9e8aa0ce9735e8b6e107a042a7 -> 
  custom:scripting/monoscript/fileName/ProGridsEnums.cs: 4064b4668b3010eb47443018e6b919ee -> 
  custom:audio-encoder-webm-vorbis: bf7c407c2cedff20999df2af8eb42d56 -> 
  custom:scripting/monoscript/fileName/ToggleContent.cs: 12cadca4260c0e988c117834558e2363 -> 
  custom:scripting/monoscript/fileName/IgnoreSnapAttribute.cs: f10d2b074b92cda845be6d066adb7446 -> 
  custom:scripting/monoscript/fileName/Defaults.cs: 14e48b98acb7239604e3e71080382ec5 -> 
========================================================================
Received Prepare
Caller must complete domain reload
Begin MonoManager ReloadAssembly
- Loaded All Assemblies, in  0.429 seconds
Native extension for WindowsStandalone target not found
Native extension for WebGL target not found
Mono: successfully reloaded assembly
- Finished resetting the current domain, in  0.910 seconds
Domain Reload Profiling: 1337ms
	BeginReloadAssembly (165ms)
		ExecutionOrderSort (0ms)
		DisableScriptedObjects (4ms)
		BackupInstance (0ms)
		ReleaseScriptingObjects (0ms)
		CreateAndSetChildDomain (37ms)
	RebuildCommonClasses (33ms)
	RebuildNativeTypeToScriptingClass (10ms)
	initialDomainReloadingComplete (31ms)
	LoadAllAssembliesAndSetupDomain (188ms)
		LoadAssemblies (251ms)
		RebuildTransferFunctionScriptingTraits (0ms)
		AnalyzeDomain (17ms)
			TypeCache.Refresh (7ms)
				TypeCache.ScanAssembly (0ms)
			ScanForSourceGeneratedMonoScriptInfo (0ms)
			ResolveRequiredComponents (8ms)
	FinalizeReload (910ms)
		ReleaseScriptCaches (0ms)
		RebuildScriptCaches (0ms)
		SetupLoadedEditorAssemblies (562ms)
			LogAssemblyErrors (0ms)
			InitializePlatformSupportModulesInManaged (8ms)
			SetLoadedEditorAssemblies (3ms)
			RefreshPlugins (0ms)
			BeforeProcessingInitializeOnLoad (51ms)
			ProcessInitializeOnLoadAttributes (477ms)
			ProcessInitializeOnLoadMethodAttributes (16ms)
			AfterProcessingInitializeOnLoad (7ms)
			EditorAssembliesLoaded (0ms)
		ExecutionOrderSort2 (0ms)
		AwakeInstancesAfterBackupRestoration (6ms)
Refreshing native plugins compatible for Editor in 2.38 ms, found 3 plugins.
Preloading 0 native plugins for Editor in 0.00 ms.
Unloading 3478 Unused Serialized files (Serialized files now loaded: 0)
Unloading 16 unused Assets / (117.2 KB). Loaded Objects now: 4020.
Memory consumption went from 132.6 MB to 132.5 MB.
Total: 3.914100 ms (FindLiveObjects: 0.323500 ms CreateObjectMapping: 0.139800 ms MarkObjects: 3.310800 ms  DeleteObjects: 0.138700 ms)

Prepare: number of updated asset objects reloaded= 0
AssetImportParameters requested are different than current active one (requested -> active):
  custom:scripting/monoscript/fileName/PreferenceKeys.cs: 971ed4aae575beb1e198c26581764982 -> 7859eba8df811149af48f0f2276a4bdd
  custom:container-demuxer-ogg: 62fdf1f143b41e24485cea50d1cbac27 -> 
  custom:scripting/monoscript/fileName/EditorUtility.cs: 4382ba71a5fdd3efad937be52139f5f9 -> 9ecaad3632ea628dccaa5e09c1a92225
  custom:scripting/monoscript/fileName/Snapping.cs: 48daea66baa7ea9b137ae602cdb220e8 -> 
  custom:video-decoder-ogg-theora: a1e56fd34408186e4bbccfd4996cb3dc -> 
  custom:scripting/monoscript/fileName/MenuItems.cs: 36e8964894b4a740a9cbe85327eddbf8 -> ab30402455eb9666baefef31ea3a5374
  custom:framework-win-MediaFoundation: 216162199b28c13a410421893ffa2e32 -> 
  custom:scripting/monoscript/fileName/SemVer.cs: 3cf48f4591710125c2a8f6dc6ca94475 -> 7dc1c3d122fbe1b513f4ed067a79851c
  custom:scripting/monoscript/fileName/IgnoreSnap.cs: 1964a5b7645d754c4a47ea487f0f21fb -> 
  custom:CustomObjectIndexerAttribute: 9a22284fe3817be447336de3de66b15e -> 
  custom:container-demuxer-webm: 4f35f7cbe854078d1ac9338744f61a02 -> 
  custom:scripting/precompiled-assembly-types:Unity.ProGrids: 6fd8debd4dfc37491dc81fd6fd158508 -> 
  custom:scripting/monoscript/fileName/Changelog.cs: 796ad3f3a5d8532b75e1fde95ea4a6fe -> e4a5e52a389250dd1ed5a9c2a15fa8a1
  custom:scripting/monoscript/fileName/ProGridsSceneToolbar.cs: 042cefa26594937cc1191fe1dca1b9f4 -> 
  custom:container-muxer-webm: aa71ff27fc2769a1b78a27578f13a17b -> 
  custom:scripting/monoscript/fileName/Version.cs: 2140673570cb0dbe2b0365f572525f99 -> 2ea90d0bd9a7e2100b7bd9e5a7cff1d5
  custom:video-decoder-webm-vp8: 9c59270c3fd7afecdb556c50c9e8de78 -> 
  custom:scripting/monoscript/fileName/IconUtility.cs: 45ed954b9dd197048f268e19e52aa10b -> 9d6be24355b7ffceada5ead87e6d4841
  custom:SearchIndexIgnoredProperties: e643bd26f0fe6173181afceb89e7c659 -> 
  custom:AudioImporter_EditorPlatform: d09bf68614088b80899f8185d706f6e7 -> 
  custom:scripting/precompiled-assembly-types:Unity.ProGrids.Editor: d754f955588cd615f2a678d87b1178ff -> 
  custom:scripting/monoscript/fileName/ProGridsEditor.cs: e20dd349624cb401cc1bdaab7ddba714 -> 
  custom:scripting/monoscript/fileName/SnapSettings.cs: 2ccef413a73530b4596fce8a636f9bdd -> 
  custom:scripting/monoscript/fileName/Preferences.cs: cf725cfda81f82351c3aee08fa8d5584 -> 
  custom:video-encoder-webm-vp8: eb34c28f22e8b96e1ab97ce403110664 -> 
  custom:scripting/monoscript/fileName/PlayModeStateListener.cs: ba78ae5abba643d510dbfde3cfe9c012 -> 
  custom:audio-decoder-ogg-vorbis: bf7c407c2cedff20999df2af8eb42d56 -> 
  custom:scripting/monoscript/fileName/GridRenderer.cs: 420140cde01ace39065946a69b1a0139 -> 
  custom:scripting/monoscript/fileName/ScenePreferencesWindow.cs: eb083a31e7a9ac53a6ece7a768a25ae5 -> 
  custom:scripting/monoscript/fileName/ProGridsSettingsProvider.cs: a6470c9e8aa0ce9735e8b6e107a042a7 -> 
  custom:scripting/monoscript/fileName/ProGridsEnums.cs: 4064b4668b3010eb47443018e6b919ee -> 
  custom:audio-encoder-webm-vorbis: bf7c407c2cedff20999df2af8eb42d56 -> 
  custom:scripting/monoscript/fileName/ToggleContent.cs: 12cadca4260c0e988c117834558e2363 -> 
  custom:scripting/monoscript/fileName/IgnoreSnapAttribute.cs: f10d2b074b92cda845be6d066adb7446 -> 
  custom:scripting/monoscript/fileName/Defaults.cs: 14e48b98acb7239604e3e71080382ec5 -> 
========================================================================
Received Import Request.
  Time since last request: 4881.258981 seconds.
  path: Assets/Textures/Player.mat
  artifactKey: Guid(4bc37762aa75b0345b013375b7243a52) Importer(815301076,1909f56bfc062723c751e8b465ee728b)
Start importing Assets/Textures/Player.mat using Guid(4bc37762aa75b0345b013375b7243a52) Importer(815301076,1909f56bfc062723c751e8b465ee728b) [PhysX] Initialized MultithreadedTaskDispatcher with 12 workers.
[PhysX] Initialized MultithreadedTaskDispatcher with 12 workers.
 -> (artifact id: '117a3cab609f7988e0aabd330860a4ca') in 0.080095 seconds
Number of updated asset objects reloaded before import = 0
Number of asset objects unloaded after import = 1
========================================================================
Received Prepare
Caller must complete domain reload
Begin MonoManager ReloadAssembly
- Loaded All Assemblies, in  0.387 seconds
Native extension for WindowsStandalone target not found
Native extension for WebGL target not found
Mono: successfully reloaded assembly
- Finished resetting the current domain, in  0.966 seconds
Domain Reload Profiling: 1352ms
	BeginReloadAssembly (153ms)
		ExecutionOrderSort (0ms)
		DisableScriptedObjects (3ms)
		BackupInstance (0ms)
		ReleaseScriptingObjects (0ms)
		CreateAndSetChildDomain (39ms)
	RebuildCommonClasses (28ms)
	RebuildNativeTypeToScriptingClass (9ms)
	initialDomainReloadingComplete (25ms)
	LoadAllAssembliesAndSetupDomain (169ms)
		LoadAssemblies (231ms)
		RebuildTransferFunctionScriptingTraits (0ms)
		AnalyzeDomain (17ms)
			TypeCache.Refresh (7ms)
				TypeCache.ScanAssembly (0ms)
			ScanForSourceGeneratedMonoScriptInfo (0ms)
			ResolveRequiredComponents (7ms)
	FinalizeReload (967ms)
		ReleaseScriptCaches (0ms)
		RebuildScriptCaches (0ms)
		SetupLoadedEditorAssemblies (621ms)
			LogAssemblyErrors (0ms)
			InitializePlatformSupportModulesInManaged (8ms)
			SetLoadedEditorAssemblies (3ms)
			RefreshPlugins (0ms)
			BeforeProcessingInitializeOnLoad (55ms)
			ProcessInitializeOnLoadAttributes (526ms)
			ProcessInitializeOnLoadMethodAttributes (20ms)
			AfterProcessingInitializeOnLoad (9ms)
			EditorAssembliesLoaded (0ms)
		ExecutionOrderSort2 (0ms)
		AwakeInstancesAfterBackupRestoration (7ms)
Refreshing native plugins compatible for Editor in 2.05 ms, found 3 plugins.
Preloading 0 native plugins for Editor in 0.00 ms.
Unloading 3477 Unused Serialized files (Serialized files now loaded: 0)
Unloading 16 unused Assets / (117.1 KB). Loaded Objects now: 4023.
Memory consumption went from 132.3 MB to 132.2 MB.
Total: 3.114700 ms (FindLiveObjects: 0.259800 ms CreateObjectMapping: 0.085800 ms MarkObjects: 2.659400 ms  DeleteObjects: 0.108700 ms)

Prepare: number of updated asset objects reloaded= 0
AssetImportParameters requested are different than current active one (requested -> active):
  custom:scripting/monoscript/fileName/PreferenceKeys.cs: 971ed4aae575beb1e198c26581764982 -> 7859eba8df811149af48f0f2276a4bdd
  custom:container-demuxer-ogg: 62fdf1f143b41e24485cea50d1cbac27 -> 
  custom:scripting/monoscript/fileName/EditorUtility.cs: 4382ba71a5fdd3efad937be52139f5f9 -> 9ecaad3632ea628dccaa5e09c1a92225
  custom:scripting/monoscript/fileName/Snapping.cs: 48daea66baa7ea9b137ae602cdb220e8 -> 
  custom:video-decoder-ogg-theora: a1e56fd34408186e4bbccfd4996cb3dc -> 
  custom:scripting/monoscript/fileName/MenuItems.cs: 36e8964894b4a740a9cbe85327eddbf8 -> ab30402455eb9666baefef31ea3a5374
  custom:framework-win-MediaFoundation: 216162199b28c13a410421893ffa2e32 -> 
  custom:scripting/monoscript/fileName/SemVer.cs: 3cf48f4591710125c2a8f6dc6ca94475 -> 7dc1c3d122fbe1b513f4ed067a79851c
  custom:scripting/monoscript/fileName/IgnoreSnap.cs: 1964a5b7645d754c4a47ea487f0f21fb -> 
  custom:CustomObjectIndexerAttribute: 9a22284fe3817be447336de3de66b15e -> 
  custom:container-demuxer-webm: 4f35f7cbe854078d1ac9338744f61a02 -> 
  custom:scripting/precompiled-assembly-types:Unity.ProGrids: 6fd8debd4dfc37491dc81fd6fd158508 -> 
  custom:scripting/monoscript/fileName/Changelog.cs: 796ad3f3a5d8532b75e1fde95ea4a6fe -> e4a5e52a389250dd1ed5a9c2a15fa8a1
  custom:scripting/monoscript/fileName/ProGridsSceneToolbar.cs: 042cefa26594937cc1191fe1dca1b9f4 -> 
  custom:container-muxer-webm: aa71ff27fc2769a1b78a27578f13a17b -> 
  custom:scripting/monoscript/fileName/Version.cs: 2140673570cb0dbe2b0365f572525f99 -> 2ea90d0bd9a7e2100b7bd9e5a7cff1d5
  custom:video-decoder-webm-vp8: 9c59270c3fd7afecdb556c50c9e8de78 -> 
  custom:scripting/monoscript/fileName/IconUtility.cs: 45ed954b9dd197048f268e19e52aa10b -> 9d6be24355b7ffceada5ead87e6d4841
  custom:SearchIndexIgnoredProperties: e643bd26f0fe6173181afceb89e7c659 -> 
  custom:AudioImporter_EditorPlatform: d09bf68614088b80899f8185d706f6e7 -> 
  custom:scripting/precompiled-assembly-types:Unity.ProGrids.Editor: d754f955588cd615f2a678d87b1178ff -> 
  custom:scripting/monoscript/fileName/ProGridsEditor.cs: e20dd349624cb401cc1bdaab7ddba714 -> 
  custom:scripting/monoscript/fileName/SnapSettings.cs: 2ccef413a73530b4596fce8a636f9bdd -> 
  custom:scripting/monoscript/fileName/Preferences.cs: cf725cfda81f82351c3aee08fa8d5584 -> 
  custom:video-encoder-webm-vp8: eb34c28f22e8b96e1ab97ce403110664 -> 
  custom:scripting/monoscript/fileName/PlayModeStateListener.cs: ba78ae5abba643d510dbfde3cfe9c012 -> 
  custom:audio-decoder-ogg-vorbis: bf7c407c2cedff20999df2af8eb42d56 -> 
  custom:scripting/monoscript/fileName/GridRenderer.cs: 420140cde01ace39065946a69b1a0139 -> 
  custom:scripting/monoscript/fileName/ScenePreferencesWindow.cs: eb083a31e7a9ac53a6ece7a768a25ae5 -> 
  custom:scripting/monoscript/fileName/ProGridsSettingsProvider.cs: a6470c9e8aa0ce9735e8b6e107a042a7 -> 
  custom:scripting/monoscript/fileName/ProGridsEnums.cs: 4064b4668b3010eb47443018e6b919ee -> 
  custom:audio-encoder-webm-vorbis: bf7c407c2cedff20999df2af8eb42d56 -> 
  custom:scripting/monoscript/fileName/ToggleContent.cs: 12cadca4260c0e988c117834558e2363 -> 
  custom:scripting/monoscript/fileName/IgnoreSnapAttribute.cs: f10d2b074b92cda845be6d066adb7446 -> 
  custom:scripting/monoscript/fileName/Defaults.cs: 14e48b98acb7239604e3e71080382ec5 -> 
========================================================================
Received Prepare
Caller must complete domain reload
Begin MonoManager ReloadAssembly
- Loaded All Assemblies, in  0.389 seconds
Native extension for WindowsStandalone target not found
Native extension for WebGL target not found
Mono: successfully reloaded assembly
- Finished resetting the current domain, in  0.941 seconds
Domain Reload Profiling: 1328ms
	BeginReloadAssembly (147ms)
		ExecutionOrderSort (0ms)
		DisableScriptedObjects (4ms)
		BackupInstance (0ms)
		ReleaseScriptingObjects (0ms)
		CreateAndSetChildDomain (35ms)
	RebuildCommonClasses (28ms)
	RebuildNativeTypeToScriptingClass (9ms)
	initialDomainReloadingComplete (29ms)
	LoadAllAssembliesAndSetupDomain (174ms)
		LoadAssemblies (237ms)
		RebuildTransferFunctionScriptingTraits (0ms)
		AnalyzeDomain (13ms)
			TypeCache.Refresh (7ms)
				TypeCache.ScanAssembly (0ms)
			ScanForSourceGeneratedMonoScriptInfo (0ms)
			ResolveRequiredComponents (5ms)
	FinalizeReload (941ms)
		ReleaseScriptCaches (0ms)
		RebuildScriptCaches (0ms)
		SetupLoadedEditorAssemblies (600ms)
			LogAssemblyErrors (0ms)
			InitializePlatformSupportModulesInManaged (8ms)
			SetLoadedEditorAssemblies (3ms)
			RefreshPlugins (0ms)
			BeforeProcessingInitializeOnLoad (53ms)
			ProcessInitializeOnLoadAttributes (507ms)
			ProcessInitializeOnLoadMethodAttributes (20ms)
			AfterProcessingInitializeOnLoad (9ms)
			EditorAssembliesLoaded (0ms)
		ExecutionOrderSort2 (0ms)
		AwakeInstancesAfterBackupRestoration (6ms)
Refreshing native plugins compatible for Editor in 1.81 ms, found 3 plugins.
Preloading 0 native plugins for Editor in 0.00 ms.
Unloading 3478 Unused Serialized files (Serialized files now loaded: 0)
Unloading 16 unused Assets / (92.9 KB). Loaded Objects now: 4026.
Memory consumption went from 132.6 MB to 132.5 MB.
Total: 3.653700 ms (FindLiveObjects: 0.291600 ms CreateObjectMapping: 0.104100 ms MarkObjects: 3.099100 ms  DeleteObjects: 0.157800 ms)

Prepare: number of updated asset objects reloaded= 0
AssetImportParameters requested are different than current active one (requested -> active):
  custom:scripting/monoscript/fileName/PreferenceKeys.cs: 971ed4aae575beb1e198c26581764982 -> 7859eba8df811149af48f0f2276a4bdd
  custom:container-demuxer-ogg: 62fdf1f143b41e24485cea50d1cbac27 -> 
  custom:scripting/monoscript/fileName/EditorUtility.cs: 4382ba71a5fdd3efad937be52139f5f9 -> 9ecaad3632ea628dccaa5e09c1a92225
  custom:scripting/monoscript/fileName/Snapping.cs: 48daea66baa7ea9b137ae602cdb220e8 -> 
  custom:video-decoder-ogg-theora: a1e56fd34408186e4bbccfd4996cb3dc -> 
  custom:scripting/monoscript/fileName/MenuItems.cs: 36e8964894b4a740a9cbe85327eddbf8 -> ab30402455eb9666baefef31ea3a5374
  custom:framework-win-MediaFoundation: 216162199b28c13a410421893ffa2e32 -> 
  custom:scripting/monoscript/fileName/SemVer.cs: 3cf48f4591710125c2a8f6dc6ca94475 -> 7dc1c3d122fbe1b513f4ed067a79851c
  custom:scripting/monoscript/fileName/IgnoreSnap.cs: 1964a5b7645d754c4a47ea487f0f21fb -> 
  custom:CustomObjectIndexerAttribute: 9a22284fe3817be447336de3de66b15e -> 
  custom:container-demuxer-webm: 4f35f7cbe854078d1ac9338744f61a02 -> 
  custom:scripting/precompiled-assembly-types:Unity.ProGrids: 6fd8debd4dfc37491dc81fd6fd158508 -> 
  custom:scripting/monoscript/fileName/Changelog.cs: 796ad3f3a5d8532b75e1fde95ea4a6fe -> e4a5e52a389250dd1ed5a9c2a15fa8a1
  custom:scripting/monoscript/fileName/ProGridsSceneToolbar.cs: 042cefa26594937cc1191fe1dca1b9f4 -> 
  custom:container-muxer-webm: aa71ff27fc2769a1b78a27578f13a17b -> 
  custom:scripting/monoscript/fileName/Version.cs: 2140673570cb0dbe2b0365f572525f99 -> 2ea90d0bd9a7e2100b7bd9e5a7cff1d5
  custom:video-decoder-webm-vp8: 9c59270c3fd7afecdb556c50c9e8de78 -> 
  custom:scripting/monoscript/fileName/IconUtility.cs: 45ed954b9dd197048f268e19e52aa10b -> 9d6be24355b7ffceada5ead87e6d4841
  custom:SearchIndexIgnoredProperties: e643bd26f0fe6173181afceb89e7c659 -> 
  custom:AudioImporter_EditorPlatform: d09bf68614088b80899f8185d706f6e7 -> 
  custom:scripting/precompiled-assembly-types:Unity.ProGrids.Editor: d754f955588cd615f2a678d87b1178ff -> 
  custom:scripting/monoscript/fileName/ProGridsEditor.cs: e20dd349624cb401cc1bdaab7ddba714 -> 
  custom:scripting/monoscript/fileName/SnapSettings.cs: 2ccef413a73530b4596fce8a636f9bdd -> 
  custom:scripting/monoscript/fileName/Preferences.cs: cf725cfda81f82351c3aee08fa8d5584 -> 
  custom:video-encoder-webm-vp8: eb34c28f22e8b96e1ab97ce403110664 -> 
  custom:scripting/monoscript/fileName/PlayModeStateListener.cs: ba78ae5abba643d510dbfde3cfe9c012 -> 
  custom:audio-decoder-ogg-vorbis: bf7c407c2cedff20999df2af8eb42d56 -> 
  custom:scripting/monoscript/fileName/GridRenderer.cs: 420140cde01ace39065946a69b1a0139 -> 
  custom:scripting/monoscript/fileName/ScenePreferencesWindow.cs: eb083a31e7a9ac53a6ece7a768a25ae5 -> 
  custom:scripting/monoscript/fileName/ProGridsSettingsProvider.cs: a6470c9e8aa0ce9735e8b6e107a042a7 -> 
  custom:scripting/monoscript/fileName/ProGridsEnums.cs: 4064b4668b3010eb47443018e6b919ee -> 
  custom:audio-encoder-webm-vorbis: bf7c407c2cedff20999df2af8eb42d56 -> 
  custom:scripting/monoscript/fileName/ToggleContent.cs: 12cadca4260c0e988c117834558e2363 -> 
  custom:scripting/monoscript/fileName/IgnoreSnapAttribute.cs: f10d2b074b92cda845be6d066adb7446 -> 
  custom:scripting/monoscript/fileName/Defaults.cs: 14e48b98acb7239604e3e71080382ec5 -> 
========================================================================
Received Prepare
Caller must complete domain reload
Begin MonoManager ReloadAssembly
- Loaded All Assemblies, in  0.386 seconds
Native extension for WindowsStandalone target not found
Native extension for WebGL target not found
Mono: successfully reloaded assembly
- Finished resetting the current domain, in  0.943 seconds
Domain Reload Profiling: 1327ms
	BeginReloadAssembly (145ms)
		ExecutionOrderSort (0ms)
		DisableScriptedObjects (4ms)
		BackupInstance (0ms)
		ReleaseScriptingObjects (0ms)
		CreateAndSetChildDomain (34ms)
	RebuildCommonClasses (29ms)
	RebuildNativeTypeToScriptingClass (9ms)
	initialDomainReloadingComplete (28ms)
	LoadAllAssembliesAndSetupDomain (172ms)
		LoadAssemblies (236ms)
		RebuildTransferFunctionScriptingTraits (0ms)
		AnalyzeDomain (12ms)
			TypeCache.Refresh (6ms)
				TypeCache.ScanAssembly (0ms)
			ScanForSourceGeneratedMonoScriptInfo (0ms)
			ResolveRequiredComponents (5ms)
	FinalizeReload (944ms)
		ReleaseScriptCaches (0ms)
		RebuildScriptCaches (0ms)
		SetupLoadedEditorAssemblies (594ms)
			LogAssemblyErrors (0ms)
			InitializePlatformSupportModulesInManaged (8ms)
			SetLoadedEditorAssemblies (3ms)
			RefreshPlugins (0ms)
			BeforeProcessingInitializeOnLoad (52ms)
			ProcessInitializeOnLoadAttributes (506ms)
			ProcessInitializeOnLoadMethodAttributes (17ms)
			AfterProcessingInitializeOnLoad (7ms)
			EditorAssembliesLoaded (0ms)
		ExecutionOrderSort2 (0ms)
		AwakeInstancesAfterBackupRestoration (6ms)
Refreshing native plugins compatible for Editor in 2.03 ms, found 3 plugins.
Preloading 0 native plugins for Editor in 0.00 ms.
Unloading 3478 Unused Serialized files (Serialized files now loaded: 0)
Unloading 16 unused Assets / (93.0 KB). Loaded Objects now: 4029.
Memory consumption went from 132.6 MB to 132.5 MB.
Total: 3.741500 ms (FindLiveObjects: 0.449400 ms CreateObjectMapping: 0.109100 ms MarkObjects: 3.051300 ms  DeleteObjects: 0.128100 ms)

Prepare: number of updated asset objects reloaded= 0
AssetImportParameters requested are different than current active one (requested -> active):
  custom:scripting/monoscript/fileName/PreferenceKeys.cs: 971ed4aae575beb1e198c26581764982 -> 7859eba8df811149af48f0f2276a4bdd
  custom:container-demuxer-ogg: 62fdf1f143b41e24485cea50d1cbac27 -> 
  custom:scripting/monoscript/fileName/EditorUtility.cs: 4382ba71a5fdd3efad937be52139f5f9 -> 9ecaad3632ea628dccaa5e09c1a92225
  custom:scripting/monoscript/fileName/Snapping.cs: 48daea66baa7ea9b137ae602cdb220e8 -> 
  custom:video-decoder-ogg-theora: a1e56fd34408186e4bbccfd4996cb3dc -> 
  custom:scripting/monoscript/fileName/MenuItems.cs: 36e8964894b4a740a9cbe85327eddbf8 -> ab30402455eb9666baefef31ea3a5374
  custom:framework-win-MediaFoundation: 216162199b28c13a410421893ffa2e32 -> 
  custom:scripting/monoscript/fileName/SemVer.cs: 3cf48f4591710125c2a8f6dc6ca94475 -> 7dc1c3d122fbe1b513f4ed067a79851c
  custom:scripting/monoscript/fileName/IgnoreSnap.cs: 1964a5b7645d754c4a47ea487f0f21fb -> 
  custom:CustomObjectIndexerAttribute: 9a22284fe3817be447336de3de66b15e -> 
  custom:container-demuxer-webm: 4f35f7cbe854078d1ac9338744f61a02 -> 
  custom:scripting/precompiled-assembly-types:Unity.ProGrids: 6fd8debd4dfc37491dc81fd6fd158508 -> 
  custom:scripting/monoscript/fileName/Changelog.cs: 796ad3f3a5d8532b75e1fde95ea4a6fe -> e4a5e52a389250dd1ed5a9c2a15fa8a1
  custom:scripting/monoscript/fileName/ProGridsSceneToolbar.cs: 042cefa26594937cc1191fe1dca1b9f4 -> 
  custom:container-muxer-webm: aa71ff27fc2769a1b78a27578f13a17b -> 
  custom:scripting/monoscript/fileName/Version.cs: 2140673570cb0dbe2b0365f572525f99 -> 2ea90d0bd9a7e2100b7bd9e5a7cff1d5
  custom:video-decoder-webm-vp8: 9c59270c3fd7afecdb556c50c9e8de78 -> 
  custom:scripting/monoscript/fileName/IconUtility.cs: 45ed954b9dd197048f268e19e52aa10b -> 9d6be24355b7ffceada5ead87e6d4841
  custom:SearchIndexIgnoredProperties: e643bd26f0fe6173181afceb89e7c659 -> 
  custom:AudioImporter_EditorPlatform: d09bf68614088b80899f8185d706f6e7 -> 
  custom:scripting/precompiled-assembly-types:Unity.ProGrids.Editor: d754f955588cd615f2a678d87b1178ff -> 
  custom:scripting/monoscript/fileName/ProGridsEditor.cs: e20dd349624cb401cc1bdaab7ddba714 -> 
  custom:scripting/monoscript/fileName/SnapSettings.cs: 2ccef413a73530b4596fce8a636f9bdd -> 
  custom:scripting/monoscript/fileName/Preferences.cs: cf725cfda81f82351c3aee08fa8d5584 -> 
  custom:video-encoder-webm-vp8: eb34c28f22e8b96e1ab97ce403110664 -> 
  custom:scripting/monoscript/fileName/PlayModeStateListener.cs: ba78ae5abba643d510dbfde3cfe9c012 -> 
  custom:audio-decoder-ogg-vorbis: bf7c407c2cedff20999df2af8eb42d56 -> 
  custom:scripting/monoscript/fileName/GridRenderer.cs: 420140cde01ace39065946a69b1a0139 -> 
  custom:scripting/monoscript/fileName/ScenePreferencesWindow.cs: eb083a31e7a9ac53a6ece7a768a25ae5 -> 
  custom:scripting/monoscript/fileName/ProGridsSettingsProvider.cs: a6470c9e8aa0ce9735e8b6e107a042a7 -> 
  custom:scripting/monoscript/fileName/ProGridsEnums.cs: 4064b4668b3010eb47443018e6b919ee -> 
  custom:audio-encoder-webm-vorbis: bf7c407c2cedff20999df2af8eb42d56 -> 
  custom:scripting/monoscript/fileName/ToggleContent.cs: 12cadca4260c0e988c117834558e2363 -> 
  custom:scripting/monoscript/fileName/IgnoreSnapAttribute.cs: f10d2b074b92cda845be6d066adb7446 -> 
  custom:scripting/monoscript/fileName/Defaults.cs: 14e48b98acb7239604e3e71080382ec5 -> 
========================================================================
Received Prepare
Caller must complete domain reload
Begin MonoManager ReloadAssembly
- Loaded All Assemblies, in  0.397 seconds
Native extension for WindowsStandalone target not found
Native extension for WebGL target not found
Mono: successfully reloaded assembly
- Finished resetting the current domain, in  0.879 seconds
Domain Reload Profiling: 1275ms
	BeginReloadAssembly (164ms)
		ExecutionOrderSort (0ms)
		DisableScriptedObjects (4ms)
		BackupInstance (0ms)
		ReleaseScriptingObjects (0ms)
		CreateAndSetChildDomain (31ms)
	RebuildCommonClasses (28ms)
	RebuildNativeTypeToScriptingClass (9ms)
	initialDomainReloadingComplete (25ms)
	LoadAllAssembliesAndSetupDomain (168ms)
		LoadAssemblies (241ms)
		RebuildTransferFunctionScriptingTraits (0ms)
		AnalyzeDomain (13ms)
			TypeCache.Refresh (6ms)
				TypeCache.ScanAssembly (0ms)
			ScanForSourceGeneratedMonoScriptInfo (0ms)
			ResolveRequiredComponents (4ms)
	FinalizeReload (880ms)
		ReleaseScriptCaches (0ms)
		RebuildScriptCaches (0ms)
		SetupLoadedEditorAssemblies (555ms)
			LogAssemblyErrors (0ms)
			InitializePlatformSupportModulesInManaged (7ms)
			SetLoadedEditorAssemblies (3ms)
			RefreshPlugins (0ms)
			BeforeProcessingInitializeOnLoad (52ms)
			ProcessInitializeOnLoadAttributes (467ms)
			ProcessInitializeOnLoadMethodAttributes (18ms)
			AfterProcessingInitializeOnLoad (8ms)
			EditorAssembliesLoaded (0ms)
		ExecutionOrderSort2 (0ms)
		AwakeInstancesAfterBackupRestoration (6ms)
Refreshing native plugins compatible for Editor in 1.92 ms, found 3 plugins.
Preloading 0 native plugins for Editor in 0.00 ms.
Unloading 3478 Unused Serialized files (Serialized files now loaded: 0)
Unloading 16 unused Assets / (109.1 KB). Loaded Objects now: 4032.
Memory consumption went from 132.6 MB to 132.5 MB.
Total: 3.571800 ms (FindLiveObjects: 0.332400 ms CreateObjectMapping: 0.133300 ms MarkObjects: 2.983100 ms  DeleteObjects: 0.121900 ms)

Prepare: number of updated asset objects reloaded= 0
AssetImportParameters requested are different than current active one (requested -> active):
  custom:scripting/monoscript/fileName/PreferenceKeys.cs: 971ed4aae575beb1e198c26581764982 -> 7859eba8df811149af48f0f2276a4bdd
  custom:container-demuxer-ogg: 62fdf1f143b41e24485cea50d1cbac27 -> 
  custom:scripting/monoscript/fileName/EditorUtility.cs: 4382ba71a5fdd3efad937be52139f5f9 -> 9ecaad3632ea628dccaa5e09c1a92225
  custom:scripting/monoscript/fileName/Snapping.cs: 48daea66baa7ea9b137ae602cdb220e8 -> 
  custom:video-decoder-ogg-theora: a1e56fd34408186e4bbccfd4996cb3dc -> 
  custom:scripting/monoscript/fileName/MenuItems.cs: 36e8964894b4a740a9cbe85327eddbf8 -> ab30402455eb9666baefef31ea3a5374
  custom:framework-win-MediaFoundation: 216162199b28c13a410421893ffa2e32 -> 
  custom:scripting/monoscript/fileName/SemVer.cs: 3cf48f4591710125c2a8f6dc6ca94475 -> 7dc1c3d122fbe1b513f4ed067a79851c
  custom:scripting/monoscript/fileName/IgnoreSnap.cs: 1964a5b7645d754c4a47ea487f0f21fb -> 
  custom:CustomObjectIndexerAttribute: 9a22284fe3817be447336de3de66b15e -> 
  custom:container-demuxer-webm: 4f35f7cbe854078d1ac9338744f61a02 -> 
  custom:scripting/precompiled-assembly-types:Unity.ProGrids: 6fd8debd4dfc37491dc81fd6fd158508 -> 
  custom:scripting/monoscript/fileName/Changelog.cs: 796ad3f3a5d8532b75e1fde95ea4a6fe -> e4a5e52a389250dd1ed5a9c2a15fa8a1
  custom:scripting/monoscript/fileName/ProGridsSceneToolbar.cs: 042cefa26594937cc1191fe1dca1b9f4 -> 
  custom:container-muxer-webm: aa71ff27fc2769a1b78a27578f13a17b -> 
  custom:scripting/monoscript/fileName/Version.cs: 2140673570cb0dbe2b0365f572525f99 -> 2ea90d0bd9a7e2100b7bd9e5a7cff1d5
  custom:video-decoder-webm-vp8: 9c59270c3fd7afecdb556c50c9e8de78 -> 
  custom:scripting/monoscript/fileName/IconUtility.cs: 45ed954b9dd197048f268e19e52aa10b -> 9d6be24355b7ffceada5ead87e6d4841
  custom:SearchIndexIgnoredProperties: e643bd26f0fe6173181afceb89e7c659 -> 
  custom:AudioImporter_EditorPlatform: d09bf68614088b80899f8185d706f6e7 -> 
  custom:scripting/precompiled-assembly-types:Unity.ProGrids.Editor: d754f955588cd615f2a678d87b1178ff -> 
  custom:scripting/monoscript/fileName/ProGridsEditor.cs: e20dd349624cb401cc1bdaab7ddba714 -> 
  custom:scripting/monoscript/fileName/SnapSettings.cs: 2ccef413a73530b4596fce8a636f9bdd -> 
  custom:scripting/monoscript/fileName/Preferences.cs: cf725cfda81f82351c3aee08fa8d5584 -> 
  custom:video-encoder-webm-vp8: eb34c28f22e8b96e1ab97ce403110664 -> 
  custom:scripting/monoscript/fileName/PlayModeStateListener.cs: ba78ae5abba643d510dbfde3cfe9c012 -> 
  custom:audio-decoder-ogg-vorbis: bf7c407c2cedff20999df2af8eb42d56 -> 
  custom:scripting/monoscript/fileName/GridRenderer.cs: 420140cde01ace39065946a69b1a0139 -> 
  custom:scripting/monoscript/fileName/ScenePreferencesWindow.cs: eb083a31e7a9ac53a6ece7a768a25ae5 -> 
  custom:scripting/monoscript/fileName/ProGridsSettingsProvider.cs: a6470c9e8aa0ce9735e8b6e107a042a7 -> 
  custom:scripting/monoscript/fileName/ProGridsEnums.cs: 4064b4668b3010eb47443018e6b919ee -> 
  custom:audio-encoder-webm-vorbis: bf7c407c2cedff20999df2af8eb42d56 -> 
  custom:scripting/monoscript/fileName/ToggleContent.cs: 12cadca4260c0e988c117834558e2363 -> 
  custom:scripting/monoscript/fileName/IgnoreSnapAttribute.cs: f10d2b074b92cda845be6d066adb7446 -> 
  custom:scripting/monoscript/fileName/Defaults.cs: 14e48b98acb7239604e3e71080382ec5 -> 
