Using pre-set license
Built from '2022.3/staging' branch; Version is '2022.3.43f1 (85497d293fa1) revision 8735101'; Using compiler version '192829333'; Build Type 'Release'
OS: 'Windows 10  (10.0.19045) 64bit CoreCountrySpecific' Language: 'zh' Physical Memory: 16147 MB
BatchMode: 1, IsHumanControllingUs: 0, StartBugReporterOnCrash: 0, Is64bit: 1, IsPro: 1

COMMAND LINE ARGUMENTS:
C:\Program Files\Unity\Hub\Editor\2022.3.43f1\Editor\Unity.exe
-adb2
-batchMode
-noUpm
-name
AssetImportWorker1
-projectPath
G:/UnityWorkSpace/Perversion2AlphaDev
-logFile
Logs/AssetImportWorker1.log
-srvPort
51449
Successfully changed project path to: G:/UnityWorkSpace/Perversion2AlphaDev
G:/UnityWorkSpace/Perversion2AlphaDev
[UnityMemory] Configuration Parameters - Can be set up in boot.config
    "memorysetup-bucket-allocator-granularity=16"
    "memorysetup-bucket-allocator-bucket-count=8"
    "memorysetup-bucket-allocator-block-size=33554432"
    "memorysetup-bucket-allocator-block-count=8"
    "memorysetup-main-allocator-block-size=16777216"
    "memorysetup-thread-allocator-block-size=16777216"
    "memorysetup-gfx-main-allocator-block-size=16777216"
    "memorysetup-gfx-thread-allocator-block-size=16777216"
    "memorysetup-cache-allocator-block-size=4194304"
    "memorysetup-typetree-allocator-block-size=2097152"
    "memorysetup-profiler-bucket-allocator-granularity=16"
    "memorysetup-profiler-bucket-allocator-bucket-count=8"
    "memorysetup-profiler-bucket-allocator-block-size=33554432"
    "memorysetup-profiler-bucket-allocator-block-count=8"
    "memorysetup-profiler-allocator-block-size=16777216"
    "memorysetup-profiler-editor-allocator-block-size=1048576"
    "memorysetup-temp-allocator-size-main=16777216"
    "memorysetup-job-temp-allocator-block-size=2097152"
    "memorysetup-job-temp-allocator-block-size-background=1048576"
    "memorysetup-job-temp-allocator-reduction-small-platforms=262144"
    "memorysetup-allocator-temp-initial-block-size-main=262144"
    "memorysetup-allocator-temp-initial-block-size-worker=262144"
    "memorysetup-temp-allocator-size-background-worker=32768"
    "memorysetup-temp-allocator-size-job-worker=262144"
    "memorysetup-temp-allocator-size-preload-manager=33554432"
    "memorysetup-temp-allocator-size-nav-mesh-worker=65536"
    "memorysetup-temp-allocator-size-audio-worker=65536"
    "memorysetup-temp-allocator-size-cloud-worker=32768"
    "memorysetup-temp-allocator-size-gi-baking-worker=262144"
    "memorysetup-temp-allocator-size-gfx=262144"
Player connection [21180]  Target information:

Player connection [21180]  * "[IP] 26.26.26.1 [Port] 0 [Flags] 2 [Guid] 421761925 [EditorId] 421761925 [Version] 1048832 [Id] WindowsEditor(7,LAPTOP-GPRA219D) [Debug] 1 [PackageName] WindowsEditor [ProjectName] Editor" 

Player connection [21180]  * "[IP] 192.168.0.104 [Port] 0 [Flags] 2 [Guid] 421761925 [EditorId] 421761925 [Version] 1048832 [Id] WindowsEditor(7,LAPTOP-GPRA219D) [Debug] 1 [PackageName] WindowsEditor [ProjectName] Editor" 

Player connection [21180] Host joined multi-casting on [225.0.0.222:54997]...
Player connection [21180] Host joined alternative multi-casting on [225.0.0.222:34997]...
[PhysX] Initialized MultithreadedTaskDispatcher with 12 workers.
Refreshing native plugins compatible for Editor in 5.31 ms, found 3 plugins.
Preloading 0 native plugins for Editor in 0.00 ms.
Initialize engine version: 2022.3.43f1 (85497d293fa1)
[Subsystems] Discovering subsystems at path C:/Program Files/Unity/Hub/Editor/2022.3.43f1/Editor/Data/Resources/UnitySubsystems
[Subsystems] Discovering subsystems at path G:/UnityWorkSpace/Perversion2AlphaDev/Assets
GfxDevice: creating device client; threaded=0; jobified=0
Direct3D:
    Version:  Direct3D 11.0 [level 11.1]
    Renderer: NVIDIA GeForce RTX 3050 Ti Laptop GPU (ID=0x25a0)
    Vendor:   NVIDIA
    VRAM:     3976 MB
    Driver:   31.0.15.3141
Initialize mono
Mono path[0] = 'C:/Program Files/Unity/Hub/Editor/2022.3.43f1/Editor/Data/Managed'
Mono path[1] = 'C:/Program Files/Unity/Hub/Editor/2022.3.43f1/Editor/Data/MonoBleedingEdge/lib/mono/unityjit-win32'
Mono config path = 'C:/Program Files/Unity/Hub/Editor/2022.3.43f1/Editor/Data/MonoBleedingEdge/etc'
Using monoOptions --debugger-agent=transport=dt_socket,embedding=1,server=y,suspend=n,address=127.0.0.1:56312
Begin MonoManager ReloadAssembly
Registering precompiled unity dll's ...
Register platform support module: C:/Program Files/Unity/Hub/Editor/2022.3.43f1/Editor/Data/PlaybackEngines/WebGLSupport/UnityEditor.WebGL.Extensions.dll
Register platform support module: C:/Program Files/Unity/Hub/Editor/2022.3.43f1/Editor/Data/PlaybackEngines/WindowsStandaloneSupport/UnityEditor.WindowsStandalone.Extensions.dll
Registered in 0.010247 seconds.
- Loaded All Assemblies, in  0.342 seconds
Native extension for WindowsStandalone target not found
Native extension for WebGL target not found
Mono: successfully reloaded assembly
- Finished resetting the current domain, in  0.258 seconds
Domain Reload Profiling: 599ms
	BeginReloadAssembly (102ms)
		ExecutionOrderSort (0ms)
		DisableScriptedObjects (0ms)
		BackupInstance (0ms)
		ReleaseScriptingObjects (0ms)
		CreateAndSetChildDomain (1ms)
	RebuildCommonClasses (32ms)
	RebuildNativeTypeToScriptingClass (10ms)
	initialDomainReloadingComplete (60ms)
	LoadAllAssembliesAndSetupDomain (136ms)
		LoadAssemblies (100ms)
		RebuildTransferFunctionScriptingTraits (0ms)
		AnalyzeDomain (134ms)
			TypeCache.Refresh (133ms)
				TypeCache.ScanAssembly (120ms)
			ScanForSourceGeneratedMonoScriptInfo (0ms)
			ResolveRequiredComponents (0ms)
	FinalizeReload (259ms)
		ReleaseScriptCaches (0ms)
		RebuildScriptCaches (0ms)
		SetupLoadedEditorAssemblies (215ms)
			LogAssemblyErrors (0ms)
			InitializePlatformSupportModulesInManaged (11ms)
			SetLoadedEditorAssemblies (5ms)
			RefreshPlugins (0ms)
			BeforeProcessingInitializeOnLoad (2ms)
			ProcessInitializeOnLoadAttributes (148ms)
			ProcessInitializeOnLoadMethodAttributes (48ms)
			AfterProcessingInitializeOnLoad (0ms)
			EditorAssembliesLoaded (0ms)
		ExecutionOrderSort2 (0ms)
		AwakeInstancesAfterBackupRestoration (0ms)
========================================================================
Worker process is ready to serve import requests
Caller must complete domain reload
Begin MonoManager ReloadAssembly
- Loaded All Assemblies, in  0.657 seconds
Native extension for WindowsStandalone target not found
Native extension for WebGL target not found
Mono: successfully reloaded assembly
- Finished resetting the current domain, in  0.786 seconds
Domain Reload Profiling: 1437ms
	BeginReloadAssembly (152ms)
		ExecutionOrderSort (0ms)
		DisableScriptedObjects (5ms)
		BackupInstance (0ms)
		ReleaseScriptingObjects (0ms)
		CreateAndSetChildDomain (23ms)
	RebuildCommonClasses (40ms)
	RebuildNativeTypeToScriptingClass (10ms)
	initialDomainReloadingComplete (41ms)
	LoadAllAssembliesAndSetupDomain (409ms)
		LoadAssemblies (323ms)
		RebuildTransferFunctionScriptingTraits (0ms)
		AnalyzeDomain (178ms)
			TypeCache.Refresh (157ms)
				TypeCache.ScanAssembly (140ms)
			ScanForSourceGeneratedMonoScriptInfo (15ms)
			ResolveRequiredComponents (4ms)
	FinalizeReload (786ms)
		ReleaseScriptCaches (0ms)
		RebuildScriptCaches (0ms)
		SetupLoadedEditorAssemblies (646ms)
			LogAssemblyErrors (0ms)
			InitializePlatformSupportModulesInManaged (8ms)
			SetLoadedEditorAssemblies (3ms)
			RefreshPlugins (0ms)
			BeforeProcessingInitializeOnLoad (64ms)
			ProcessInitializeOnLoadAttributes (543ms)
			ProcessInitializeOnLoadMethodAttributes (19ms)
			AfterProcessingInitializeOnLoad (10ms)
			EditorAssembliesLoaded (0ms)
		ExecutionOrderSort2 (0ms)
		AwakeInstancesAfterBackupRestoration (6ms)
Launched and connected shader compiler UnityShaderCompiler.exe after 0.04 seconds
Refreshing native plugins compatible for Editor in 3.01 ms, found 3 plugins.
Preloading 0 native plugins for Editor in 0.00 ms.
Unloading 3474 Unused Serialized files (Serialized files now loaded: 0)
Unloading 20 unused Assets / (96.2 KB). Loaded Objects now: 3941.
Memory consumption went from 132.4 MB to 132.3 MB.
Total: 4.339400 ms (FindLiveObjects: 0.301600 ms CreateObjectMapping: 0.117600 ms MarkObjects: 3.742200 ms  DeleteObjects: 0.176800 ms)

AssetImportParameters requested are different than current active one (requested -> active):
  custom:container-demuxer-ogg: 62fdf1f143b41e24485cea50d1cbac27 -> 
  custom:video-decoder-ogg-theora: a1e56fd34408186e4bbccfd4996cb3dc -> 
  custom:framework-win-MediaFoundation: 216162199b28c13a410421893ffa2e32 -> 
  custom:CustomObjectIndexerAttribute: 9a22284fe3817be447336de3de66b15e -> 
  custom:container-demuxer-webm: 4f35f7cbe854078d1ac9338744f61a02 -> 
  custom:container-muxer-webm: aa71ff27fc2769a1b78a27578f13a17b -> 
  custom:video-decoder-webm-vp8: 9c59270c3fd7afecdb556c50c9e8de78 -> 
  custom:SearchIndexIgnoredProperties: e643bd26f0fe6173181afceb89e7c659 -> 
  custom:AudioImporter_EditorPlatform: d09bf68614088b80899f8185d706f6e7 -> 
  custom:video-encoder-webm-vp8: eb34c28f22e8b96e1ab97ce403110664 -> 
  custom:audio-decoder-ogg-vorbis: bf7c407c2cedff20999df2af8eb42d56 -> 
  custom:audio-encoder-webm-vorbis: bf7c407c2cedff20999df2af8eb42d56 -> 
========================================================================
Received Import Request.
  Time since last request: 6758.759220 seconds.
  path: Packages/com.unity.probuilder/package.json
  artifactKey: Guid(7958ca6fdf895ca498c5fab155f0b0f1) Importer(815301076,1909f56bfc062723c751e8b465ee728b)
Start importing Packages/com.unity.probuilder/package.json using Guid(7958ca6fdf895ca498c5fab155f0b0f1) Importer(815301076,1909f56bfc062723c751e8b465ee728b) [PhysX] Initialized MultithreadedTaskDispatcher with 12 workers.
 -> (artifact id: 'f33e31ed5adff1d7c916afa5db1341e0') in 0.012965 seconds
Number of updated asset objects reloaded before import = 0
Number of asset objects unloaded after import = 1
========================================================================
Received Import Request.
  Time since last request: 0.000039 seconds.
  path: Packages/com.unity.editorcoroutines/package.json
  artifactKey: Guid(6428ca6f30e71ee4dbea7e1d0787cb07) Importer(815301076,1909f56bfc062723c751e8b465ee728b)
Start importing Packages/com.unity.editorcoroutines/package.json using Guid(6428ca6f30e71ee4dbea7e1d0787cb07) Importer(815301076,1909f56bfc062723c751e8b465ee728b) [PhysX] Initialized MultithreadedTaskDispatcher with 12 workers.
 -> (artifact id: 'c7743c5a201b88c58c0a4b25ebef48e9') in 0.001100 seconds
Number of updated asset objects reloaded before import = 0
Number of asset objects unloaded after import = 1
========================================================================
Received Prepare
Caller must complete domain reload
Begin MonoManager ReloadAssembly
- Loaded All Assemblies, in  2.268 seconds
Native extension for WindowsStandalone target not found
Native extension for WebGL target not found
Mono: successfully reloaded assembly
- Finished resetting the current domain, in 11.440 seconds
Domain Reload Profiling: 13706ms
	BeginReloadAssembly (159ms)
		ExecutionOrderSort (0ms)
		DisableScriptedObjects (4ms)
		BackupInstance (0ms)
		ReleaseScriptingObjects (0ms)
		CreateAndSetChildDomain (44ms)
	RebuildCommonClasses (111ms)
	RebuildNativeTypeToScriptingClass (9ms)
	initialDomainReloadingComplete (29ms)
	LoadAllAssembliesAndSetupDomain (1959ms)
		LoadAssemblies (2013ms)
		RebuildTransferFunctionScriptingTraits (0ms)
		AnalyzeDomain (21ms)
			TypeCache.Refresh (8ms)
				TypeCache.ScanAssembly (1ms)
			ScanForSourceGeneratedMonoScriptInfo (7ms)
			ResolveRequiredComponents (4ms)
	FinalizeReload (11440ms)
		ReleaseScriptCaches (0ms)
		RebuildScriptCaches (0ms)
		SetupLoadedEditorAssemblies (543ms)
			LogAssemblyErrors (0ms)
			InitializePlatformSupportModulesInManaged (9ms)
			SetLoadedEditorAssemblies (3ms)
			RefreshPlugins (0ms)
			BeforeProcessingInitializeOnLoad (60ms)
			ProcessInitializeOnLoadAttributes (447ms)
			ProcessInitializeOnLoadMethodAttributes (16ms)
			AfterProcessingInitializeOnLoad (8ms)
			EditorAssembliesLoaded (0ms)
		ExecutionOrderSort2 (0ms)
		AwakeInstancesAfterBackupRestoration (5ms)
Refreshing native plugins compatible for Editor in 2.34 ms, found 3 plugins.
Preloading 0 native plugins for Editor in 0.00 ms.
Unloading 3477 Unused Serialized files (Serialized files now loaded: 0)
Unloading 16 unused Assets / (109.3 KB). Loaded Objects now: 3974.
Memory consumption went from 127.7 MB to 127.6 MB.
Total: 3.643300 ms (FindLiveObjects: 0.270300 ms CreateObjectMapping: 0.105100 ms MarkObjects: 3.137100 ms  DeleteObjects: 0.129400 ms)

Prepare: number of updated asset objects reloaded= 0
AssetImportParameters requested are different than current active one (requested -> active):
  custom:scripting/monoscript/fileName/PreferenceKeys.cs: 971ed4aae575beb1e198c26581764982 -> 7859eba8df811149af48f0f2276a4bdd
  custom:container-demuxer-ogg: 62fdf1f143b41e24485cea50d1cbac27 -> 
  custom:scripting/monoscript/fileName/EditorUtility.cs: 4382ba71a5fdd3efad937be52139f5f9 -> 9ecaad3632ea628dccaa5e09c1a92225
  custom:scripting/monoscript/fileName/Snapping.cs: 48daea66baa7ea9b137ae602cdb220e8 -> 
  custom:video-decoder-ogg-theora: a1e56fd34408186e4bbccfd4996cb3dc -> 
  custom:scripting/monoscript/fileName/MenuItems.cs: 36e8964894b4a740a9cbe85327eddbf8 -> ab30402455eb9666baefef31ea3a5374
  custom:framework-win-MediaFoundation: 216162199b28c13a410421893ffa2e32 -> 
  custom:scripting/monoscript/fileName/SemVer.cs: 3cf48f4591710125c2a8f6dc6ca94475 -> 7dc1c3d122fbe1b513f4ed067a79851c
  custom:scripting/monoscript/fileName/IgnoreSnap.cs: 1964a5b7645d754c4a47ea487f0f21fb -> 
  custom:CustomObjectIndexerAttribute: 9a22284fe3817be447336de3de66b15e -> 
  custom:container-demuxer-webm: 4f35f7cbe854078d1ac9338744f61a02 -> 
  custom:scripting/precompiled-assembly-types:Unity.ProGrids: 6fd8debd4dfc37491dc81fd6fd158508 -> 
  custom:scripting/monoscript/fileName/Changelog.cs: 796ad3f3a5d8532b75e1fde95ea4a6fe -> e4a5e52a389250dd1ed5a9c2a15fa8a1
  custom:scripting/monoscript/fileName/ProGridsSceneToolbar.cs: 042cefa26594937cc1191fe1dca1b9f4 -> 
  custom:container-muxer-webm: aa71ff27fc2769a1b78a27578f13a17b -> 
  custom:scripting/monoscript/fileName/Version.cs: 2140673570cb0dbe2b0365f572525f99 -> 2ea90d0bd9a7e2100b7bd9e5a7cff1d5
  custom:video-decoder-webm-vp8: 9c59270c3fd7afecdb556c50c9e8de78 -> 
  custom:scripting/monoscript/fileName/IconUtility.cs: 45ed954b9dd197048f268e19e52aa10b -> 9d6be24355b7ffceada5ead87e6d4841
  custom:SearchIndexIgnoredProperties: e643bd26f0fe6173181afceb89e7c659 -> 
  custom:AudioImporter_EditorPlatform: d09bf68614088b80899f8185d706f6e7 -> 
  custom:scripting/precompiled-assembly-types:Unity.ProGrids.Editor: d754f955588cd615f2a678d87b1178ff -> 
  custom:scripting/monoscript/fileName/ProGridsEditor.cs: e20dd349624cb401cc1bdaab7ddba714 -> 
  custom:scripting/monoscript/fileName/SnapSettings.cs: 2ccef413a73530b4596fce8a636f9bdd -> 
  custom:scripting/monoscript/fileName/Preferences.cs: cf725cfda81f82351c3aee08fa8d5584 -> 
  custom:video-encoder-webm-vp8: eb34c28f22e8b96e1ab97ce403110664 -> 
  custom:scripting/monoscript/fileName/PlayModeStateListener.cs: ba78ae5abba643d510dbfde3cfe9c012 -> 
  custom:audio-decoder-ogg-vorbis: bf7c407c2cedff20999df2af8eb42d56 -> 
  custom:scripting/monoscript/fileName/GridRenderer.cs: 420140cde01ace39065946a69b1a0139 -> 
  custom:scripting/monoscript/fileName/ScenePreferencesWindow.cs: eb083a31e7a9ac53a6ece7a768a25ae5 -> 
  custom:scripting/monoscript/fileName/ProGridsSettingsProvider.cs: a6470c9e8aa0ce9735e8b6e107a042a7 -> 
  custom:scripting/monoscript/fileName/ProGridsEnums.cs: 4064b4668b3010eb47443018e6b919ee -> 
  custom:audio-encoder-webm-vorbis: bf7c407c2cedff20999df2af8eb42d56 -> 
  custom:scripting/monoscript/fileName/ToggleContent.cs: 12cadca4260c0e988c117834558e2363 -> 
  custom:scripting/monoscript/fileName/IgnoreSnapAttribute.cs: f10d2b074b92cda845be6d066adb7446 -> 
  custom:scripting/monoscript/fileName/Defaults.cs: 14e48b98acb7239604e3e71080382ec5 -> 
========================================================================
Received Prepare
Caller must complete domain reload
Begin MonoManager ReloadAssembly
- Loaded All Assemblies, in  0.444 seconds
Native extension for WindowsStandalone target not found
Native extension for WebGL target not found
Mono: successfully reloaded assembly
- Finished resetting the current domain, in  1.046 seconds
Domain Reload Profiling: 1488ms
	BeginReloadAssembly (145ms)
		ExecutionOrderSort (0ms)
		DisableScriptedObjects (4ms)
		BackupInstance (0ms)
		ReleaseScriptingObjects (0ms)
		CreateAndSetChildDomain (32ms)
	RebuildCommonClasses (31ms)
	RebuildNativeTypeToScriptingClass (10ms)
	initialDomainReloadingComplete (27ms)
	LoadAllAssembliesAndSetupDomain (229ms)
		LoadAssemblies (295ms)
		RebuildTransferFunctionScriptingTraits (0ms)
		AnalyzeDomain (13ms)
			TypeCache.Refresh (6ms)
				TypeCache.ScanAssembly (0ms)
			ScanForSourceGeneratedMonoScriptInfo (0ms)
			ResolveRequiredComponents (5ms)
	FinalizeReload (1046ms)
		ReleaseScriptCaches (0ms)
		RebuildScriptCaches (0ms)
		SetupLoadedEditorAssemblies (646ms)
			LogAssemblyErrors (0ms)
			InitializePlatformSupportModulesInManaged (9ms)
			SetLoadedEditorAssemblies (3ms)
			RefreshPlugins (0ms)
			BeforeProcessingInitializeOnLoad (59ms)
			ProcessInitializeOnLoadAttributes (543ms)
			ProcessInitializeOnLoadMethodAttributes (22ms)
			AfterProcessingInitializeOnLoad (10ms)
			EditorAssembliesLoaded (0ms)
		ExecutionOrderSort2 (0ms)
		AwakeInstancesAfterBackupRestoration (8ms)
Refreshing native plugins compatible for Editor in 1.68 ms, found 3 plugins.
Preloading 0 native plugins for Editor in 0.00 ms.
Unloading 3478 Unused Serialized files (Serialized files now loaded: 0)
Unloading 16 unused Assets / (109.4 KB). Loaded Objects now: 3977.
Memory consumption went from 127.9 MB to 127.8 MB.
Total: 3.877000 ms (FindLiveObjects: 0.586600 ms CreateObjectMapping: 0.130100 ms MarkObjects: 3.004600 ms  DeleteObjects: 0.154600 ms)

Prepare: number of updated asset objects reloaded= 0
AssetImportParameters requested are different than current active one (requested -> active):
  custom:scripting/monoscript/fileName/PreferenceKeys.cs: 971ed4aae575beb1e198c26581764982 -> 7859eba8df811149af48f0f2276a4bdd
  custom:container-demuxer-ogg: 62fdf1f143b41e24485cea50d1cbac27 -> 
  custom:scripting/monoscript/fileName/EditorUtility.cs: 4382ba71a5fdd3efad937be52139f5f9 -> 9ecaad3632ea628dccaa5e09c1a92225
  custom:scripting/monoscript/fileName/Snapping.cs: 48daea66baa7ea9b137ae602cdb220e8 -> 
  custom:video-decoder-ogg-theora: a1e56fd34408186e4bbccfd4996cb3dc -> 
  custom:scripting/monoscript/fileName/MenuItems.cs: 36e8964894b4a740a9cbe85327eddbf8 -> ab30402455eb9666baefef31ea3a5374
  custom:framework-win-MediaFoundation: 216162199b28c13a410421893ffa2e32 -> 
  custom:scripting/monoscript/fileName/SemVer.cs: 3cf48f4591710125c2a8f6dc6ca94475 -> 7dc1c3d122fbe1b513f4ed067a79851c
  custom:scripting/monoscript/fileName/IgnoreSnap.cs: 1964a5b7645d754c4a47ea487f0f21fb -> 
  custom:CustomObjectIndexerAttribute: 9a22284fe3817be447336de3de66b15e -> 
  custom:container-demuxer-webm: 4f35f7cbe854078d1ac9338744f61a02 -> 
  custom:scripting/precompiled-assembly-types:Unity.ProGrids: 6fd8debd4dfc37491dc81fd6fd158508 -> 
  custom:scripting/monoscript/fileName/Changelog.cs: 796ad3f3a5d8532b75e1fde95ea4a6fe -> e4a5e52a389250dd1ed5a9c2a15fa8a1
  custom:scripting/monoscript/fileName/ProGridsSceneToolbar.cs: 042cefa26594937cc1191fe1dca1b9f4 -> 
  custom:container-muxer-webm: aa71ff27fc2769a1b78a27578f13a17b -> 
  custom:scripting/monoscript/fileName/Version.cs: 2140673570cb0dbe2b0365f572525f99 -> 2ea90d0bd9a7e2100b7bd9e5a7cff1d5
  custom:video-decoder-webm-vp8: 9c59270c3fd7afecdb556c50c9e8de78 -> 
  custom:scripting/monoscript/fileName/IconUtility.cs: 45ed954b9dd197048f268e19e52aa10b -> 9d6be24355b7ffceada5ead87e6d4841
  custom:SearchIndexIgnoredProperties: e643bd26f0fe6173181afceb89e7c659 -> 
  custom:AudioImporter_EditorPlatform: d09bf68614088b80899f8185d706f6e7 -> 
  custom:scripting/precompiled-assembly-types:Unity.ProGrids.Editor: d754f955588cd615f2a678d87b1178ff -> 
  custom:scripting/monoscript/fileName/ProGridsEditor.cs: e20dd349624cb401cc1bdaab7ddba714 -> 
  custom:scripting/monoscript/fileName/SnapSettings.cs: 2ccef413a73530b4596fce8a636f9bdd -> 
  custom:scripting/monoscript/fileName/Preferences.cs: cf725cfda81f82351c3aee08fa8d5584 -> 
  custom:video-encoder-webm-vp8: eb34c28f22e8b96e1ab97ce403110664 -> 
  custom:scripting/monoscript/fileName/PlayModeStateListener.cs: ba78ae5abba643d510dbfde3cfe9c012 -> 
  custom:audio-decoder-ogg-vorbis: bf7c407c2cedff20999df2af8eb42d56 -> 
  custom:scripting/monoscript/fileName/GridRenderer.cs: 420140cde01ace39065946a69b1a0139 -> 
  custom:scripting/monoscript/fileName/ScenePreferencesWindow.cs: eb083a31e7a9ac53a6ece7a768a25ae5 -> 
  custom:scripting/monoscript/fileName/ProGridsSettingsProvider.cs: a6470c9e8aa0ce9735e8b6e107a042a7 -> 
  custom:scripting/monoscript/fileName/ProGridsEnums.cs: 4064b4668b3010eb47443018e6b919ee -> 
  custom:audio-encoder-webm-vorbis: bf7c407c2cedff20999df2af8eb42d56 -> 
  custom:scripting/monoscript/fileName/ToggleContent.cs: 12cadca4260c0e988c117834558e2363 -> 
  custom:scripting/monoscript/fileName/IgnoreSnapAttribute.cs: f10d2b074b92cda845be6d066adb7446 -> 
  custom:scripting/monoscript/fileName/Defaults.cs: 14e48b98acb7239604e3e71080382ec5 -> 
========================================================================
Received Prepare
Caller must complete domain reload
Begin MonoManager ReloadAssembly
- Loaded All Assemblies, in  0.429 seconds
Native extension for WindowsStandalone target not found
Native extension for WebGL target not found
Mono: successfully reloaded assembly
- Finished resetting the current domain, in  0.937 seconds
Domain Reload Profiling: 1364ms
	BeginReloadAssembly (157ms)
		ExecutionOrderSort (0ms)
		DisableScriptedObjects (4ms)
		BackupInstance (0ms)
		ReleaseScriptingObjects (0ms)
		CreateAndSetChildDomain (34ms)
	RebuildCommonClasses (37ms)
	RebuildNativeTypeToScriptingClass (9ms)
	initialDomainReloadingComplete (31ms)
	LoadAllAssembliesAndSetupDomain (193ms)
		LoadAssemblies (261ms)
		RebuildTransferFunctionScriptingTraits (0ms)
		AnalyzeDomain (16ms)
			TypeCache.Refresh (7ms)
				TypeCache.ScanAssembly (0ms)
			ScanForSourceGeneratedMonoScriptInfo (0ms)
			ResolveRequiredComponents (8ms)
	FinalizeReload (937ms)
		ReleaseScriptCaches (0ms)
		RebuildScriptCaches (0ms)
		SetupLoadedEditorAssemblies (588ms)
			LogAssemblyErrors (0ms)
			InitializePlatformSupportModulesInManaged (8ms)
			SetLoadedEditorAssemblies (3ms)
			RefreshPlugins (0ms)
			BeforeProcessingInitializeOnLoad (68ms)
			ProcessInitializeOnLoadAttributes (481ms)
			ProcessInitializeOnLoadMethodAttributes (20ms)
			AfterProcessingInitializeOnLoad (7ms)
			EditorAssembliesLoaded (0ms)
		ExecutionOrderSort2 (0ms)
		AwakeInstancesAfterBackupRestoration (6ms)
Refreshing native plugins compatible for Editor in 2.27 ms, found 3 plugins.
Preloading 0 native plugins for Editor in 0.00 ms.
Unloading 3478 Unused Serialized files (Serialized files now loaded: 0)
Unloading 16 unused Assets / (109.4 KB). Loaded Objects now: 3980.
Memory consumption went from 127.9 MB to 127.8 MB.
Total: 3.958900 ms (FindLiveObjects: 0.279500 ms CreateObjectMapping: 0.098500 ms MarkObjects: 3.432500 ms  DeleteObjects: 0.147400 ms)

Prepare: number of updated asset objects reloaded= 0
AssetImportParameters requested are different than current active one (requested -> active):
  custom:scripting/monoscript/fileName/PreferenceKeys.cs: 971ed4aae575beb1e198c26581764982 -> 7859eba8df811149af48f0f2276a4bdd
  custom:container-demuxer-ogg: 62fdf1f143b41e24485cea50d1cbac27 -> 
  custom:scripting/monoscript/fileName/EditorUtility.cs: 4382ba71a5fdd3efad937be52139f5f9 -> 9ecaad3632ea628dccaa5e09c1a92225
  custom:scripting/monoscript/fileName/Snapping.cs: 48daea66baa7ea9b137ae602cdb220e8 -> 
  custom:video-decoder-ogg-theora: a1e56fd34408186e4bbccfd4996cb3dc -> 
  custom:scripting/monoscript/fileName/MenuItems.cs: 36e8964894b4a740a9cbe85327eddbf8 -> ab30402455eb9666baefef31ea3a5374
  custom:framework-win-MediaFoundation: 216162199b28c13a410421893ffa2e32 -> 
  custom:scripting/monoscript/fileName/SemVer.cs: 3cf48f4591710125c2a8f6dc6ca94475 -> 7dc1c3d122fbe1b513f4ed067a79851c
  custom:scripting/monoscript/fileName/IgnoreSnap.cs: 1964a5b7645d754c4a47ea487f0f21fb -> 
  custom:CustomObjectIndexerAttribute: 9a22284fe3817be447336de3de66b15e -> 
  custom:container-demuxer-webm: 4f35f7cbe854078d1ac9338744f61a02 -> 
  custom:scripting/precompiled-assembly-types:Unity.ProGrids: 6fd8debd4dfc37491dc81fd6fd158508 -> 
  custom:scripting/monoscript/fileName/Changelog.cs: 796ad3f3a5d8532b75e1fde95ea4a6fe -> e4a5e52a389250dd1ed5a9c2a15fa8a1
  custom:scripting/monoscript/fileName/ProGridsSceneToolbar.cs: 042cefa26594937cc1191fe1dca1b9f4 -> 
  custom:container-muxer-webm: aa71ff27fc2769a1b78a27578f13a17b -> 
  custom:scripting/monoscript/fileName/Version.cs: 2140673570cb0dbe2b0365f572525f99 -> 2ea90d0bd9a7e2100b7bd9e5a7cff1d5
  custom:video-decoder-webm-vp8: 9c59270c3fd7afecdb556c50c9e8de78 -> 
  custom:scripting/monoscript/fileName/IconUtility.cs: 45ed954b9dd197048f268e19e52aa10b -> 9d6be24355b7ffceada5ead87e6d4841
  custom:SearchIndexIgnoredProperties: e643bd26f0fe6173181afceb89e7c659 -> 
  custom:AudioImporter_EditorPlatform: d09bf68614088b80899f8185d706f6e7 -> 
  custom:scripting/precompiled-assembly-types:Unity.ProGrids.Editor: d754f955588cd615f2a678d87b1178ff -> 
  custom:scripting/monoscript/fileName/ProGridsEditor.cs: e20dd349624cb401cc1bdaab7ddba714 -> 
  custom:scripting/monoscript/fileName/SnapSettings.cs: 2ccef413a73530b4596fce8a636f9bdd -> 
  custom:scripting/monoscript/fileName/Preferences.cs: cf725cfda81f82351c3aee08fa8d5584 -> 
  custom:video-encoder-webm-vp8: eb34c28f22e8b96e1ab97ce403110664 -> 
  custom:scripting/monoscript/fileName/PlayModeStateListener.cs: ba78ae5abba643d510dbfde3cfe9c012 -> 
  custom:audio-decoder-ogg-vorbis: bf7c407c2cedff20999df2af8eb42d56 -> 
  custom:scripting/monoscript/fileName/GridRenderer.cs: 420140cde01ace39065946a69b1a0139 -> 
  custom:scripting/monoscript/fileName/ScenePreferencesWindow.cs: eb083a31e7a9ac53a6ece7a768a25ae5 -> 
  custom:scripting/monoscript/fileName/ProGridsSettingsProvider.cs: a6470c9e8aa0ce9735e8b6e107a042a7 -> 
  custom:scripting/monoscript/fileName/ProGridsEnums.cs: 4064b4668b3010eb47443018e6b919ee -> 
  custom:audio-encoder-webm-vorbis: bf7c407c2cedff20999df2af8eb42d56 -> 
  custom:scripting/monoscript/fileName/ToggleContent.cs: 12cadca4260c0e988c117834558e2363 -> 
  custom:scripting/monoscript/fileName/IgnoreSnapAttribute.cs: f10d2b074b92cda845be6d066adb7446 -> 
  custom:scripting/monoscript/fileName/Defaults.cs: 14e48b98acb7239604e3e71080382ec5 -> 
========================================================================
Received Prepare
Caller must complete domain reload
Begin MonoManager ReloadAssembly
- Loaded All Assemblies, in  0.389 seconds
Native extension for WindowsStandalone target not found
Native extension for WebGL target not found
Mono: successfully reloaded assembly
- Finished resetting the current domain, in  0.952 seconds
Domain Reload Profiling: 1339ms
	BeginReloadAssembly (149ms)
		ExecutionOrderSort (0ms)
		DisableScriptedObjects (3ms)
		BackupInstance (0ms)
		ReleaseScriptingObjects (0ms)
		CreateAndSetChildDomain (40ms)
	RebuildCommonClasses (28ms)
	RebuildNativeTypeToScriptingClass (9ms)
	initialDomainReloadingComplete (25ms)
	LoadAllAssembliesAndSetupDomain (175ms)
		LoadAssemblies (230ms)
		RebuildTransferFunctionScriptingTraits (0ms)
		AnalyzeDomain (17ms)
			TypeCache.Refresh (7ms)
				TypeCache.ScanAssembly (0ms)
			ScanForSourceGeneratedMonoScriptInfo (0ms)
			ResolveRequiredComponents (8ms)
	FinalizeReload (953ms)
		ReleaseScriptCaches (0ms)
		RebuildScriptCaches (0ms)
		SetupLoadedEditorAssemblies (611ms)
			LogAssemblyErrors (0ms)
			InitializePlatformSupportModulesInManaged (9ms)
			SetLoadedEditorAssemblies (3ms)
			RefreshPlugins (0ms)
			BeforeProcessingInitializeOnLoad (56ms)
			ProcessInitializeOnLoadAttributes (513ms)
			ProcessInitializeOnLoadMethodAttributes (22ms)
			AfterProcessingInitializeOnLoad (8ms)
			EditorAssembliesLoaded (0ms)
		ExecutionOrderSort2 (0ms)
		AwakeInstancesAfterBackupRestoration (7ms)
Refreshing native plugins compatible for Editor in 1.94 ms, found 3 plugins.
Preloading 0 native plugins for Editor in 0.00 ms.
Unloading 3478 Unused Serialized files (Serialized files now loaded: 0)
Unloading 16 unused Assets / (117.4 KB). Loaded Objects now: 3983.
Memory consumption went from 128.0 MB to 127.8 MB.
Total: 3.496500 ms (FindLiveObjects: 0.394100 ms CreateObjectMapping: 0.094300 ms MarkObjects: 2.868400 ms  DeleteObjects: 0.138500 ms)

Prepare: number of updated asset objects reloaded= 0
AssetImportParameters requested are different than current active one (requested -> active):
  custom:scripting/monoscript/fileName/PreferenceKeys.cs: 971ed4aae575beb1e198c26581764982 -> 7859eba8df811149af48f0f2276a4bdd
  custom:container-demuxer-ogg: 62fdf1f143b41e24485cea50d1cbac27 -> 
  custom:scripting/monoscript/fileName/EditorUtility.cs: 4382ba71a5fdd3efad937be52139f5f9 -> 9ecaad3632ea628dccaa5e09c1a92225
  custom:scripting/monoscript/fileName/Snapping.cs: 48daea66baa7ea9b137ae602cdb220e8 -> 
  custom:video-decoder-ogg-theora: a1e56fd34408186e4bbccfd4996cb3dc -> 
  custom:scripting/monoscript/fileName/MenuItems.cs: 36e8964894b4a740a9cbe85327eddbf8 -> ab30402455eb9666baefef31ea3a5374
  custom:framework-win-MediaFoundation: 216162199b28c13a410421893ffa2e32 -> 
  custom:scripting/monoscript/fileName/SemVer.cs: 3cf48f4591710125c2a8f6dc6ca94475 -> 7dc1c3d122fbe1b513f4ed067a79851c
  custom:scripting/monoscript/fileName/IgnoreSnap.cs: 1964a5b7645d754c4a47ea487f0f21fb -> 
  custom:CustomObjectIndexerAttribute: 9a22284fe3817be447336de3de66b15e -> 
  custom:container-demuxer-webm: 4f35f7cbe854078d1ac9338744f61a02 -> 
  custom:scripting/precompiled-assembly-types:Unity.ProGrids: 6fd8debd4dfc37491dc81fd6fd158508 -> 
  custom:scripting/monoscript/fileName/Changelog.cs: 796ad3f3a5d8532b75e1fde95ea4a6fe -> e4a5e52a389250dd1ed5a9c2a15fa8a1
  custom:scripting/monoscript/fileName/ProGridsSceneToolbar.cs: 042cefa26594937cc1191fe1dca1b9f4 -> 
  custom:container-muxer-webm: aa71ff27fc2769a1b78a27578f13a17b -> 
  custom:scripting/monoscript/fileName/Version.cs: 2140673570cb0dbe2b0365f572525f99 -> 2ea90d0bd9a7e2100b7bd9e5a7cff1d5
  custom:video-decoder-webm-vp8: 9c59270c3fd7afecdb556c50c9e8de78 -> 
  custom:scripting/monoscript/fileName/IconUtility.cs: 45ed954b9dd197048f268e19e52aa10b -> 9d6be24355b7ffceada5ead87e6d4841
  custom:SearchIndexIgnoredProperties: e643bd26f0fe6173181afceb89e7c659 -> 
  custom:AudioImporter_EditorPlatform: d09bf68614088b80899f8185d706f6e7 -> 
  custom:scripting/precompiled-assembly-types:Unity.ProGrids.Editor: d754f955588cd615f2a678d87b1178ff -> 
  custom:scripting/monoscript/fileName/ProGridsEditor.cs: e20dd349624cb401cc1bdaab7ddba714 -> 
  custom:scripting/monoscript/fileName/SnapSettings.cs: 2ccef413a73530b4596fce8a636f9bdd -> 
  custom:scripting/monoscript/fileName/Preferences.cs: cf725cfda81f82351c3aee08fa8d5584 -> 
  custom:video-encoder-webm-vp8: eb34c28f22e8b96e1ab97ce403110664 -> 
  custom:scripting/monoscript/fileName/PlayModeStateListener.cs: ba78ae5abba643d510dbfde3cfe9c012 -> 
  custom:audio-decoder-ogg-vorbis: bf7c407c2cedff20999df2af8eb42d56 -> 
  custom:scripting/monoscript/fileName/GridRenderer.cs: 420140cde01ace39065946a69b1a0139 -> 
  custom:scripting/monoscript/fileName/ScenePreferencesWindow.cs: eb083a31e7a9ac53a6ece7a768a25ae5 -> 
  custom:scripting/monoscript/fileName/ProGridsSettingsProvider.cs: a6470c9e8aa0ce9735e8b6e107a042a7 -> 
  custom:scripting/monoscript/fileName/ProGridsEnums.cs: 4064b4668b3010eb47443018e6b919ee -> 
  custom:audio-encoder-webm-vorbis: bf7c407c2cedff20999df2af8eb42d56 -> 
  custom:scripting/monoscript/fileName/ToggleContent.cs: 12cadca4260c0e988c117834558e2363 -> 
  custom:scripting/monoscript/fileName/IgnoreSnapAttribute.cs: f10d2b074b92cda845be6d066adb7446 -> 
  custom:scripting/monoscript/fileName/Defaults.cs: 14e48b98acb7239604e3e71080382ec5 -> 
========================================================================
Received Prepare
Caller must complete domain reload
Begin MonoManager ReloadAssembly
- Loaded All Assemblies, in  0.384 seconds
Native extension for WindowsStandalone target not found
Native extension for WebGL target not found
Mono: successfully reloaded assembly
- Finished resetting the current domain, in  0.950 seconds
Domain Reload Profiling: 1331ms
	BeginReloadAssembly (145ms)
		ExecutionOrderSort (0ms)
		DisableScriptedObjects (4ms)
		BackupInstance (0ms)
		ReleaseScriptingObjects (0ms)
		CreateAndSetChildDomain (33ms)
	RebuildCommonClasses (28ms)
	RebuildNativeTypeToScriptingClass (10ms)
	initialDomainReloadingComplete (29ms)
	LoadAllAssembliesAndSetupDomain (169ms)
		LoadAssemblies (231ms)
		RebuildTransferFunctionScriptingTraits (0ms)
		AnalyzeDomain (12ms)
			TypeCache.Refresh (6ms)
				TypeCache.ScanAssembly (0ms)
			ScanForSourceGeneratedMonoScriptInfo (0ms)
			ResolveRequiredComponents (5ms)
	FinalizeReload (951ms)
		ReleaseScriptCaches (0ms)
		RebuildScriptCaches (0ms)
		SetupLoadedEditorAssemblies (609ms)
			LogAssemblyErrors (0ms)
			InitializePlatformSupportModulesInManaged (8ms)
			SetLoadedEditorAssemblies (3ms)
			RefreshPlugins (0ms)
			BeforeProcessingInitializeOnLoad (53ms)
			ProcessInitializeOnLoadAttributes (516ms)
			ProcessInitializeOnLoadMethodAttributes (20ms)
			AfterProcessingInitializeOnLoad (8ms)
			EditorAssembliesLoaded (0ms)
		ExecutionOrderSort2 (0ms)
		AwakeInstancesAfterBackupRestoration (7ms)
Refreshing native plugins compatible for Editor in 2.03 ms, found 3 plugins.
Preloading 0 native plugins for Editor in 0.00 ms.
Unloading 3478 Unused Serialized files (Serialized files now loaded: 0)
Unloading 16 unused Assets / (117.5 KB). Loaded Objects now: 3986.
Memory consumption went from 128.0 MB to 127.8 MB.
Total: 3.620500 ms (FindLiveObjects: 0.266100 ms CreateObjectMapping: 0.104500 ms MarkObjects: 3.044900 ms  DeleteObjects: 0.203500 ms)

Prepare: number of updated asset objects reloaded= 0
AssetImportParameters requested are different than current active one (requested -> active):
  custom:scripting/monoscript/fileName/PreferenceKeys.cs: 971ed4aae575beb1e198c26581764982 -> 7859eba8df811149af48f0f2276a4bdd
  custom:container-demuxer-ogg: 62fdf1f143b41e24485cea50d1cbac27 -> 
  custom:scripting/monoscript/fileName/EditorUtility.cs: 4382ba71a5fdd3efad937be52139f5f9 -> 9ecaad3632ea628dccaa5e09c1a92225
  custom:scripting/monoscript/fileName/Snapping.cs: 48daea66baa7ea9b137ae602cdb220e8 -> 
  custom:video-decoder-ogg-theora: a1e56fd34408186e4bbccfd4996cb3dc -> 
  custom:scripting/monoscript/fileName/MenuItems.cs: 36e8964894b4a740a9cbe85327eddbf8 -> ab30402455eb9666baefef31ea3a5374
  custom:framework-win-MediaFoundation: 216162199b28c13a410421893ffa2e32 -> 
  custom:scripting/monoscript/fileName/SemVer.cs: 3cf48f4591710125c2a8f6dc6ca94475 -> 7dc1c3d122fbe1b513f4ed067a79851c
  custom:scripting/monoscript/fileName/IgnoreSnap.cs: 1964a5b7645d754c4a47ea487f0f21fb -> 
  custom:CustomObjectIndexerAttribute: 9a22284fe3817be447336de3de66b15e -> 
  custom:container-demuxer-webm: 4f35f7cbe854078d1ac9338744f61a02 -> 
  custom:scripting/precompiled-assembly-types:Unity.ProGrids: 6fd8debd4dfc37491dc81fd6fd158508 -> 
  custom:scripting/monoscript/fileName/Changelog.cs: 796ad3f3a5d8532b75e1fde95ea4a6fe -> e4a5e52a389250dd1ed5a9c2a15fa8a1
  custom:scripting/monoscript/fileName/ProGridsSceneToolbar.cs: 042cefa26594937cc1191fe1dca1b9f4 -> 
  custom:container-muxer-webm: aa71ff27fc2769a1b78a27578f13a17b -> 
  custom:scripting/monoscript/fileName/Version.cs: 2140673570cb0dbe2b0365f572525f99 -> 2ea90d0bd9a7e2100b7bd9e5a7cff1d5
  custom:video-decoder-webm-vp8: 9c59270c3fd7afecdb556c50c9e8de78 -> 
  custom:scripting/monoscript/fileName/IconUtility.cs: 45ed954b9dd197048f268e19e52aa10b -> 9d6be24355b7ffceada5ead87e6d4841
  custom:SearchIndexIgnoredProperties: e643bd26f0fe6173181afceb89e7c659 -> 
  custom:AudioImporter_EditorPlatform: d09bf68614088b80899f8185d706f6e7 -> 
  custom:scripting/precompiled-assembly-types:Unity.ProGrids.Editor: d754f955588cd615f2a678d87b1178ff -> 
  custom:scripting/monoscript/fileName/ProGridsEditor.cs: e20dd349624cb401cc1bdaab7ddba714 -> 
  custom:scripting/monoscript/fileName/SnapSettings.cs: 2ccef413a73530b4596fce8a636f9bdd -> 
  custom:scripting/monoscript/fileName/Preferences.cs: cf725cfda81f82351c3aee08fa8d5584 -> 
  custom:video-encoder-webm-vp8: eb34c28f22e8b96e1ab97ce403110664 -> 
  custom:scripting/monoscript/fileName/PlayModeStateListener.cs: ba78ae5abba643d510dbfde3cfe9c012 -> 
  custom:audio-decoder-ogg-vorbis: bf7c407c2cedff20999df2af8eb42d56 -> 
  custom:scripting/monoscript/fileName/GridRenderer.cs: 420140cde01ace39065946a69b1a0139 -> 
  custom:scripting/monoscript/fileName/ScenePreferencesWindow.cs: eb083a31e7a9ac53a6ece7a768a25ae5 -> 
  custom:scripting/monoscript/fileName/ProGridsSettingsProvider.cs: a6470c9e8aa0ce9735e8b6e107a042a7 -> 
  custom:scripting/monoscript/fileName/ProGridsEnums.cs: 4064b4668b3010eb47443018e6b919ee -> 
  custom:audio-encoder-webm-vorbis: bf7c407c2cedff20999df2af8eb42d56 -> 
  custom:scripting/monoscript/fileName/ToggleContent.cs: 12cadca4260c0e988c117834558e2363 -> 
  custom:scripting/monoscript/fileName/IgnoreSnapAttribute.cs: f10d2b074b92cda845be6d066adb7446 -> 
  custom:scripting/monoscript/fileName/Defaults.cs: 14e48b98acb7239604e3e71080382ec5 -> 
========================================================================
Received Prepare
Caller must complete domain reload
Begin MonoManager ReloadAssembly
- Loaded All Assemblies, in  0.381 seconds
Native extension for WindowsStandalone target not found
Native extension for WebGL target not found
Mono: successfully reloaded assembly
- Finished resetting the current domain, in  0.955 seconds
Domain Reload Profiling: 1334ms
	BeginReloadAssembly (145ms)
		ExecutionOrderSort (0ms)
		DisableScriptedObjects (4ms)
		BackupInstance (0ms)
		ReleaseScriptingObjects (0ms)
		CreateAndSetChildDomain (34ms)
	RebuildCommonClasses (29ms)
	RebuildNativeTypeToScriptingClass (9ms)
	initialDomainReloadingComplete (28ms)
	LoadAllAssembliesAndSetupDomain (168ms)
		LoadAssemblies (231ms)
		RebuildTransferFunctionScriptingTraits (0ms)
		AnalyzeDomain (13ms)
			TypeCache.Refresh (7ms)
				TypeCache.ScanAssembly (0ms)
			ScanForSourceGeneratedMonoScriptInfo (0ms)
			ResolveRequiredComponents (5ms)
	FinalizeReload (956ms)
		ReleaseScriptCaches (0ms)
		RebuildScriptCaches (0ms)
		SetupLoadedEditorAssemblies (597ms)
			LogAssemblyErrors (0ms)
			InitializePlatformSupportModulesInManaged (7ms)
			SetLoadedEditorAssemblies (3ms)
			RefreshPlugins (0ms)
			BeforeProcessingInitializeOnLoad (53ms)
			ProcessInitializeOnLoadAttributes (508ms)
			ProcessInitializeOnLoadMethodAttributes (18ms)
			AfterProcessingInitializeOnLoad (8ms)
			EditorAssembliesLoaded (0ms)
		ExecutionOrderSort2 (0ms)
		AwakeInstancesAfterBackupRestoration (6ms)
Refreshing native plugins compatible for Editor in 2.44 ms, found 3 plugins.
Preloading 0 native plugins for Editor in 0.00 ms.
Unloading 3478 Unused Serialized files (Serialized files now loaded: 0)
Unloading 16 unused Assets / (117.5 KB). Loaded Objects now: 3989.
Memory consumption went from 128.0 MB to 127.8 MB.
Total: 3.626400 ms (FindLiveObjects: 0.535500 ms CreateObjectMapping: 0.145000 ms MarkObjects: 2.809900 ms  DeleteObjects: 0.134200 ms)

Prepare: number of updated asset objects reloaded= 0
AssetImportParameters requested are different than current active one (requested -> active):
  custom:scripting/monoscript/fileName/PreferenceKeys.cs: 971ed4aae575beb1e198c26581764982 -> 7859eba8df811149af48f0f2276a4bdd
  custom:container-demuxer-ogg: 62fdf1f143b41e24485cea50d1cbac27 -> 
  custom:scripting/monoscript/fileName/EditorUtility.cs: 4382ba71a5fdd3efad937be52139f5f9 -> 9ecaad3632ea628dccaa5e09c1a92225
  custom:scripting/monoscript/fileName/Snapping.cs: 48daea66baa7ea9b137ae602cdb220e8 -> 
  custom:video-decoder-ogg-theora: a1e56fd34408186e4bbccfd4996cb3dc -> 
  custom:scripting/monoscript/fileName/MenuItems.cs: 36e8964894b4a740a9cbe85327eddbf8 -> ab30402455eb9666baefef31ea3a5374
  custom:framework-win-MediaFoundation: 216162199b28c13a410421893ffa2e32 -> 
  custom:scripting/monoscript/fileName/SemVer.cs: 3cf48f4591710125c2a8f6dc6ca94475 -> 7dc1c3d122fbe1b513f4ed067a79851c
  custom:scripting/monoscript/fileName/IgnoreSnap.cs: 1964a5b7645d754c4a47ea487f0f21fb -> 
  custom:CustomObjectIndexerAttribute: 9a22284fe3817be447336de3de66b15e -> 
  custom:container-demuxer-webm: 4f35f7cbe854078d1ac9338744f61a02 -> 
  custom:scripting/precompiled-assembly-types:Unity.ProGrids: 6fd8debd4dfc37491dc81fd6fd158508 -> 
  custom:scripting/monoscript/fileName/Changelog.cs: 796ad3f3a5d8532b75e1fde95ea4a6fe -> e4a5e52a389250dd1ed5a9c2a15fa8a1
  custom:scripting/monoscript/fileName/ProGridsSceneToolbar.cs: 042cefa26594937cc1191fe1dca1b9f4 -> 
  custom:container-muxer-webm: aa71ff27fc2769a1b78a27578f13a17b -> 
  custom:scripting/monoscript/fileName/Version.cs: 2140673570cb0dbe2b0365f572525f99 -> 2ea90d0bd9a7e2100b7bd9e5a7cff1d5
  custom:video-decoder-webm-vp8: 9c59270c3fd7afecdb556c50c9e8de78 -> 
  custom:scripting/monoscript/fileName/IconUtility.cs: 45ed954b9dd197048f268e19e52aa10b -> 9d6be24355b7ffceada5ead87e6d4841
  custom:SearchIndexIgnoredProperties: e643bd26f0fe6173181afceb89e7c659 -> 
  custom:AudioImporter_EditorPlatform: d09bf68614088b80899f8185d706f6e7 -> 
  custom:scripting/precompiled-assembly-types:Unity.ProGrids.Editor: d754f955588cd615f2a678d87b1178ff -> 
  custom:scripting/monoscript/fileName/ProGridsEditor.cs: e20dd349624cb401cc1bdaab7ddba714 -> 
  custom:scripting/monoscript/fileName/SnapSettings.cs: 2ccef413a73530b4596fce8a636f9bdd -> 
  custom:scripting/monoscript/fileName/Preferences.cs: cf725cfda81f82351c3aee08fa8d5584 -> 
  custom:video-encoder-webm-vp8: eb34c28f22e8b96e1ab97ce403110664 -> 
  custom:scripting/monoscript/fileName/PlayModeStateListener.cs: ba78ae5abba643d510dbfde3cfe9c012 -> 
  custom:audio-decoder-ogg-vorbis: bf7c407c2cedff20999df2af8eb42d56 -> 
  custom:scripting/monoscript/fileName/GridRenderer.cs: 420140cde01ace39065946a69b1a0139 -> 
  custom:scripting/monoscript/fileName/ScenePreferencesWindow.cs: eb083a31e7a9ac53a6ece7a768a25ae5 -> 
  custom:scripting/monoscript/fileName/ProGridsSettingsProvider.cs: a6470c9e8aa0ce9735e8b6e107a042a7 -> 
  custom:scripting/monoscript/fileName/ProGridsEnums.cs: 4064b4668b3010eb47443018e6b919ee -> 
  custom:audio-encoder-webm-vorbis: bf7c407c2cedff20999df2af8eb42d56 -> 
  custom:scripting/monoscript/fileName/ToggleContent.cs: 12cadca4260c0e988c117834558e2363 -> 
  custom:scripting/monoscript/fileName/IgnoreSnapAttribute.cs: f10d2b074b92cda845be6d066adb7446 -> 
  custom:scripting/monoscript/fileName/Defaults.cs: 14e48b98acb7239604e3e71080382ec5 -> 
========================================================================
Received Prepare
Caller must complete domain reload
Begin MonoManager ReloadAssembly
- Loaded All Assemblies, in  0.375 seconds
Native extension for WindowsStandalone target not found
Native extension for WebGL target not found
Mono: successfully reloaded assembly
- Finished resetting the current domain, in  0.908 seconds
Domain Reload Profiling: 1282ms
	BeginReloadAssembly (140ms)
		ExecutionOrderSort (0ms)
		DisableScriptedObjects (4ms)
		BackupInstance (0ms)
		ReleaseScriptingObjects (0ms)
		CreateAndSetChildDomain (30ms)
	RebuildCommonClasses (29ms)
	RebuildNativeTypeToScriptingClass (9ms)
	initialDomainReloadingComplete (25ms)
	LoadAllAssembliesAndSetupDomain (170ms)
		LoadAssemblies (231ms)
		RebuildTransferFunctionScriptingTraits (0ms)
		AnalyzeDomain (14ms)
			TypeCache.Refresh (7ms)
				TypeCache.ScanAssembly (0ms)
			ScanForSourceGeneratedMonoScriptInfo (0ms)
			ResolveRequiredComponents (5ms)
	FinalizeReload (909ms)
		ReleaseScriptCaches (0ms)
		RebuildScriptCaches (0ms)
		SetupLoadedEditorAssemblies (566ms)
			LogAssemblyErrors (0ms)
			InitializePlatformSupportModulesInManaged (11ms)
			SetLoadedEditorAssemblies (5ms)
			RefreshPlugins (0ms)
			BeforeProcessingInitializeOnLoad (59ms)
			ProcessInitializeOnLoadAttributes (464ms)
			ProcessInitializeOnLoadMethodAttributes (19ms)
			AfterProcessingInitializeOnLoad (8ms)
			EditorAssembliesLoaded (0ms)
		ExecutionOrderSort2 (0ms)
		AwakeInstancesAfterBackupRestoration (6ms)
Refreshing native plugins compatible for Editor in 2.98 ms, found 3 plugins.
Preloading 0 native plugins for Editor in 0.00 ms.
Unloading 3478 Unused Serialized files (Serialized files now loaded: 0)
Unloading 16 unused Assets / (109.2 KB). Loaded Objects now: 3992.
Memory consumption went from 127.9 MB to 127.8 MB.
Total: 3.765100 ms (FindLiveObjects: 0.414300 ms CreateObjectMapping: 0.221600 ms MarkObjects: 2.908400 ms  DeleteObjects: 0.219600 ms)

Prepare: number of updated asset objects reloaded= 0
AssetImportParameters requested are different than current active one (requested -> active):
  custom:scripting/monoscript/fileName/PreferenceKeys.cs: 971ed4aae575beb1e198c26581764982 -> 7859eba8df811149af48f0f2276a4bdd
  custom:container-demuxer-ogg: 62fdf1f143b41e24485cea50d1cbac27 -> 
  custom:scripting/monoscript/fileName/EditorUtility.cs: 4382ba71a5fdd3efad937be52139f5f9 -> 9ecaad3632ea628dccaa5e09c1a92225
  custom:scripting/monoscript/fileName/Snapping.cs: 48daea66baa7ea9b137ae602cdb220e8 -> 
  custom:video-decoder-ogg-theora: a1e56fd34408186e4bbccfd4996cb3dc -> 
  custom:scripting/monoscript/fileName/MenuItems.cs: 36e8964894b4a740a9cbe85327eddbf8 -> ab30402455eb9666baefef31ea3a5374
  custom:framework-win-MediaFoundation: 216162199b28c13a410421893ffa2e32 -> 
  custom:scripting/monoscript/fileName/SemVer.cs: 3cf48f4591710125c2a8f6dc6ca94475 -> 7dc1c3d122fbe1b513f4ed067a79851c
  custom:scripting/monoscript/fileName/IgnoreSnap.cs: 1964a5b7645d754c4a47ea487f0f21fb -> 
  custom:CustomObjectIndexerAttribute: 9a22284fe3817be447336de3de66b15e -> 
  custom:container-demuxer-webm: 4f35f7cbe854078d1ac9338744f61a02 -> 
  custom:scripting/precompiled-assembly-types:Unity.ProGrids: 6fd8debd4dfc37491dc81fd6fd158508 -> 
  custom:scripting/monoscript/fileName/Changelog.cs: 796ad3f3a5d8532b75e1fde95ea4a6fe -> e4a5e52a389250dd1ed5a9c2a15fa8a1
  custom:scripting/monoscript/fileName/ProGridsSceneToolbar.cs: 042cefa26594937cc1191fe1dca1b9f4 -> 
  custom:container-muxer-webm: aa71ff27fc2769a1b78a27578f13a17b -> 
  custom:scripting/monoscript/fileName/Version.cs: 2140673570cb0dbe2b0365f572525f99 -> 2ea90d0bd9a7e2100b7bd9e5a7cff1d5
  custom:video-decoder-webm-vp8: 9c59270c3fd7afecdb556c50c9e8de78 -> 
  custom:scripting/monoscript/fileName/IconUtility.cs: 45ed954b9dd197048f268e19e52aa10b -> 9d6be24355b7ffceada5ead87e6d4841
  custom:SearchIndexIgnoredProperties: e643bd26f0fe6173181afceb89e7c659 -> 
  custom:AudioImporter_EditorPlatform: d09bf68614088b80899f8185d706f6e7 -> 
  custom:scripting/precompiled-assembly-types:Unity.ProGrids.Editor: d754f955588cd615f2a678d87b1178ff -> 
  custom:scripting/monoscript/fileName/ProGridsEditor.cs: e20dd349624cb401cc1bdaab7ddba714 -> 
  custom:scripting/monoscript/fileName/SnapSettings.cs: 2ccef413a73530b4596fce8a636f9bdd -> 
  custom:scripting/monoscript/fileName/Preferences.cs: cf725cfda81f82351c3aee08fa8d5584 -> 
  custom:video-encoder-webm-vp8: eb34c28f22e8b96e1ab97ce403110664 -> 
  custom:scripting/monoscript/fileName/PlayModeStateListener.cs: ba78ae5abba643d510dbfde3cfe9c012 -> 
  custom:audio-decoder-ogg-vorbis: bf7c407c2cedff20999df2af8eb42d56 -> 
  custom:scripting/monoscript/fileName/GridRenderer.cs: 420140cde01ace39065946a69b1a0139 -> 
  custom:scripting/monoscript/fileName/ScenePreferencesWindow.cs: eb083a31e7a9ac53a6ece7a768a25ae5 -> 
  custom:scripting/monoscript/fileName/ProGridsSettingsProvider.cs: a6470c9e8aa0ce9735e8b6e107a042a7 -> 
  custom:scripting/monoscript/fileName/ProGridsEnums.cs: 4064b4668b3010eb47443018e6b919ee -> 
  custom:audio-encoder-webm-vorbis: bf7c407c2cedff20999df2af8eb42d56 -> 
  custom:scripting/monoscript/fileName/ToggleContent.cs: 12cadca4260c0e988c117834558e2363 -> 
  custom:scripting/monoscript/fileName/IgnoreSnapAttribute.cs: f10d2b074b92cda845be6d066adb7446 -> 
  custom:scripting/monoscript/fileName/Defaults.cs: 14e48b98acb7239604e3e71080382ec5 -> 
